INFO - 2026-04-22 00:37:17 --> Session: Class initialized using 'CodeIgniter\Session\Handlers\FileHandler' driver.
INFO - 2026-04-22 00:37:33 --> Session: Class initialized using 'CodeIgniter\Session\Handlers\FileHandler' driver.
INFO - 2026-04-22 00:37:33 --> Cart Class Initialized
INFO - 2026-04-22 00:37:33 --> Session: Class initialized using 'CodeIgniter\Session\Handlers\FileHandler' driver.
INFO - 2026-04-22 00:37:33 --> Cart Class Initialized
INFO - 2026-04-22 00:37:36 --> Session: Class initialized using 'CodeIgniter\Session\Handlers\FileHandler' driver.
INFO - 2026-04-22 00:37:36 --> Cart Class Initialized
INFO - 2026-04-22 00:37:36 --> Session: Class initialized using 'CodeIgniter\Session\Handlers\FileHandler' driver.
INFO - 2026-04-22 00:37:36 --> Cart Class Initialized
INFO - 2026-04-22 00:37:39 --> Session: Class initialized using 'CodeIgniter\Session\Handlers\FileHandler' driver.
INFO - 2026-04-22 00:38:02 --> Session: Class initialized using 'CodeIgniter\Session\Handlers\FileHandler' driver.
INFO - 2026-04-22 00:38:13 --> Session: Class initialized using 'CodeIgniter\Session\Handlers\FileHandler' driver.
INFO - 2026-04-22 00:39:00 --> Session: Class initialized using 'CodeIgniter\Session\Handlers\FileHandler' driver.
INFO - 2026-04-22 00:42:55 --> Session: Class initialized using 'CodeIgniter\Session\Handlers\FileHandler' driver.
INFO - 2026-04-22 00:42:57 --> Session: Class initialized using 'CodeIgniter\Session\Handlers\FileHandler' driver.
INFO - 2026-04-22 00:45:34 --> Session: Class initialized using 'CodeIgniter\Session\Handlers\FileHandler' driver.
INFO - 2026-04-22 00:45:41 --> Session: Class initialized using 'CodeIgniter\Session\Handlers\FileHandler' driver.
INFO - 2026-04-22 00:45:49 --> Session: Class initialized using 'CodeIgniter\Session\Handlers\FileHandler' driver.
INFO - 2026-04-22 00:45:56 --> Session: Class initialized using 'CodeIgniter\Session\Handlers\FileHandler' driver.
INFO - 2026-04-22 00:46:09 --> Session: Class initialized using 'CodeIgniter\Session\Handlers\FileHandler' driver.
INFO - 2026-04-22 00:46:11 --> Session: Class initialized using 'CodeIgniter\Session\Handlers\FileHandler' driver.
INFO - 2026-04-22 00:46:14 --> Session: Class initialized using 'CodeIgniter\Session\Handlers\FileHandler' driver.
INFO - 2026-04-22 00:46:20 --> Session: Class initialized using 'CodeIgniter\Session\Handlers\FileHandler' driver.
INFO - 2026-04-22 00:46:21 --> Session: Class initialized using 'CodeIgniter\Session\Handlers\FileHandler' driver.
INFO - 2026-04-22 00:46:44 --> Session: Class initialized using 'CodeIgniter\Session\Handlers\FileHandler' driver.
INFO - 2026-04-22 00:46:49 --> Session: Class initialized using 'CodeIgniter\Session\Handlers\FileHandler' driver.
INFO - 2026-04-22 00:46:53 --> Session: Class initialized using 'CodeIgniter\Session\Handlers\FileHandler' driver.
INFO - 2026-04-22 00:46:55 --> Session: Class initialized using 'CodeIgniter\Session\Handlers\FileHandler' driver.
INFO - 2026-04-22 00:46:57 --> Session: Class initialized using 'CodeIgniter\Session\Handlers\FileHandler' driver.
INFO - 2026-04-22 00:46:58 --> Session: Class initialized using 'CodeIgniter\Session\Handlers\FileHandler' driver.
INFO - 2026-04-22 00:47:13 --> Session: Class initialized using 'CodeIgniter\Session\Handlers\FileHandler' driver.
INFO - 2026-04-22 00:47:13 --> Cart Class Initialized
INFO - 2026-04-22 00:47:14 --> Session: Class initialized using 'CodeIgniter\Session\Handlers\FileHandler' driver.
INFO - 2026-04-22 00:47:16 --> Session: Class initialized using 'CodeIgniter\Session\Handlers\FileHandler' driver.
INFO - 2026-04-22 00:47:17 --> Session: Class initialized using 'CodeIgniter\Session\Handlers\FileHandler' driver.
INFO - 2026-04-22 00:47:18 --> Session: Class initialized using 'CodeIgniter\Session\Handlers\FileHandler' driver.
INFO - 2026-04-22 00:47:23 --> Session: Class initialized using 'CodeIgniter\Session\Handlers\FileHandler' driver.
INFO - 2026-04-22 00:47:26 --> Session: Class initialized using 'CodeIgniter\Session\Handlers\FileHandler' driver.
INFO - 2026-04-22 00:47:27 --> Session: Class initialized using 'CodeIgniter\Session\Handlers\FileHandler' driver.
INFO - 2026-04-22 00:47:29 --> Session: Class initialized using 'CodeIgniter\Session\Handlers\FileHandler' driver.
INFO - 2026-04-22 00:47:31 --> Session: Class initialized using 'CodeIgniter\Session\Handlers\FileHandler' driver.
INFO - 2026-04-22 00:47:37 --> Session: Class initialized using 'CodeIgniter\Session\Handlers\FileHandler' driver.
INFO - 2026-04-22 00:47:38 --> Session: Class initialized using 'CodeIgniter\Session\Handlers\FileHandler' driver.
INFO - 2026-04-22 00:47:39 --> Session: Class initialized using 'CodeIgniter\Session\Handlers\FileHandler' driver.
INFO - 2026-04-22 00:47:39 --> Session: Class initialized using 'CodeIgniter\Session\Handlers\FileHandler' driver.
INFO - 2026-04-22 00:47:40 --> Session: Class initialized using 'CodeIgniter\Session\Handlers\FileHandler' driver.
INFO - 2026-04-22 00:47:45 --> Session: Class initialized using 'CodeIgniter\Session\Handlers\FileHandler' driver.
INFO - 2026-04-22 00:47:48 --> Session: Class initialized using 'CodeIgniter\Session\Handlers\FileHandler' driver.
INFO - 2026-04-22 00:47:54 --> Session: Class initialized using 'CodeIgniter\Session\Handlers\FileHandler' driver.
INFO - 2026-04-22 00:47:57 --> Session: Class initialized using 'CodeIgniter\Session\Handlers\FileHandler' driver.
INFO - 2026-04-22 00:48:08 --> Session: Class initialized using 'CodeIgniter\Session\Handlers\FileHandler' driver.
INFO - 2026-04-22 00:48:14 --> Session: Class initialized using 'CodeIgniter\Session\Handlers\FileHandler' driver.
INFO - 2026-04-22 00:48:31 --> Session: Class initialized using 'CodeIgniter\Session\Handlers\FileHandler' driver.
INFO - 2026-04-22 00:49:30 --> Session: Class initialized using 'CodeIgniter\Session\Handlers\FileHandler' driver.
INFO - 2026-04-22 00:49:36 --> Session: Class initialized using 'CodeIgniter\Session\Handlers\FileHandler' driver.
INFO - 2026-04-22 00:49:41 --> Session: Class initialized using 'CodeIgniter\Session\Handlers\FileHandler' driver.
INFO - 2026-04-22 00:49:49 --> Session: Class initialized using 'CodeIgniter\Session\Handlers\FileHandler' driver.
INFO - 2026-04-22 00:49:53 --> Session: Class initialized using 'CodeIgniter\Session\Handlers\FileHandler' driver.
INFO - 2026-04-22 00:49:58 --> Session: Class initialized using 'CodeIgniter\Session\Handlers\FileHandler' driver.
INFO - 2026-04-22 00:50:01 --> Session: Class initialized using 'CodeIgniter\Session\Handlers\FileHandler' driver.
INFO - 2026-04-22 00:50:06 --> Session: Class initialized using 'CodeIgniter\Session\Handlers\FileHandler' driver.
INFO - 2026-04-22 00:50:08 --> Session: Class initialized using 'CodeIgniter\Session\Handlers\FileHandler' driver.
INFO - 2026-04-22 00:50:20 --> Session: Class initialized using 'CodeIgniter\Session\Handlers\FileHandler' driver.
INFO - 2026-04-22 00:51:56 --> Session: Class initialized using 'CodeIgniter\Session\Handlers\FileHandler' driver.
INFO - 2026-04-22 00:51:56 --> Session: Class initialized using 'CodeIgniter\Session\Handlers\FileHandler' driver.
INFO - 2026-04-22 00:51:57 --> Session: Class initialized using 'CodeIgniter\Session\Handlers\FileHandler' driver.
INFO - 2026-04-22 00:51:58 --> Session: Class initialized using 'CodeIgniter\Session\Handlers\FileHandler' driver.
INFO - 2026-04-22 00:51:59 --> Session: Class initialized using 'CodeIgniter\Session\Handlers\FileHandler' driver.
INFO - 2026-04-22 00:51:59 --> Session: Class initialized using 'CodeIgniter\Session\Handlers\FileHandler' driver.
INFO - 2026-04-22 01:02:19 --> Session: Class initialized using 'CodeIgniter\Session\Handlers\FileHandler' driver.
INFO - 2026-04-22 01:02:24 --> Session: Class initialized using 'CodeIgniter\Session\Handlers\FileHandler' driver.
INFO - 2026-04-22 01:02:25 --> Session: Class initialized using 'CodeIgniter\Session\Handlers\FileHandler' driver.
INFO - 2026-04-22 13:07:26 --> Session: Class initialized using 'CodeIgniter\Session\Handlers\FileHandler' driver.
ERROR - 2026-04-22 13:07:27 --> mysqli_sql_exception: Unknown column 'aa.idArticulo' in 'on clause' in C:\xampp\htdocs\digibook\system\Database\MySQLi\Connection.php:306
Stack trace:
#0 C:\xampp\htdocs\digibook\system\Database\MySQLi\Connection.php(306): mysqli->query('CALL sp_buscar_...', 0)
#1 C:\xampp\htdocs\digibook\system\Database\BaseConnection.php(693): CodeIgniter\Database\MySQLi\Connection->execute('CALL sp_buscar_...')
#2 C:\xampp\htdocs\digibook\system\Database\BaseConnection.php(607): CodeIgniter\Database\BaseConnection->simpleQuery('CALL sp_buscar_...')
#3 C:\xampp\htdocs\digibook\app\Models\ArticuloModel.php(134): CodeIgniter\Database\BaseConnection->query('CALL sp_buscar_...', Array)
#4 C:\xampp\htdocs\digibook\app\Controllers\Home.php(45): App\Models\ArticuloModel->getArticulosFiltrados(NULL, NULL, NULL, NULL, NULL)
#5 C:\xampp\htdocs\digibook\system\CodeIgniter.php(941): App\Controllers\Home->index()
#6 C:\xampp\htdocs\digibook\system\CodeIgniter.php(502): CodeIgniter\CodeIgniter->runController(Object(App\Controllers\Home))
#7 C:\xampp\htdocs\digibook\system\CodeIgniter.php(361): CodeIgniter\CodeIgniter->handleRequest(NULL, Object(Config\Cache), false)
#8 C:\xampp\htdocs\digibook\index.php(79): CodeIgniter\CodeIgniter->run()
#9 {main}
CRITICAL - 2026-04-22 13:07:27 --> CodeIgniter\Database\Exceptions\DatabaseException: Unknown column 'aa.idArticulo' in 'on clause'
in SYSTEMPATH\Database\BaseConnection.php on line 647.
 1 APPPATH\Models\ArticuloModel.php(134): CodeIgniter\Database\BaseConnection->query('CALL sp_buscar_articulos_filtrados(?, ?, ?, ?, ?)', [...])
 2 APPPATH\Controllers\Home.php(45): App\Models\ArticuloModel->getArticulosFiltrados(null, null, null, null, null)
 3 SYSTEMPATH\CodeIgniter.php(941): App\Controllers\Home->index()
 4 SYSTEMPATH\CodeIgniter.php(502): CodeIgniter\CodeIgniter->runController(Object(App\Controllers\Home))
 5 SYSTEMPATH\CodeIgniter.php(361): CodeIgniter\CodeIgniter->handleRequest(null, Object(Config\Cache), false)
 6 FCPATH\index.php(79): CodeIgniter\CodeIgniter->run()
CRITICAL - 2026-04-22 13:07:27 --> [Caused by] CodeIgniter\Database\Exceptions\DatabaseException: Unknown column 'aa.idArticulo' in 'on clause'
in SYSTEMPATH\Database\MySQLi\Connection.php on line 311.
 1 SYSTEMPATH\Database\BaseConnection.php(693): CodeIgniter\Database\MySQLi\Connection->execute('CALL sp_buscar_articulos_filtrados(NULL, NULL, NULL, NULL, NULL)')
 2 SYSTEMPATH\Database\BaseConnection.php(607): CodeIgniter\Database\BaseConnection->simpleQuery('CALL sp_buscar_articulos_filtrados(NULL, NULL, NULL, NULL, NULL)')
 3 APPPATH\Models\ArticuloModel.php(134): CodeIgniter\Database\BaseConnection->query('CALL sp_buscar_articulos_filtrados(?, ?, ?, ?, ?)', [...])
 4 APPPATH\Controllers\Home.php(45): App\Models\ArticuloModel->getArticulosFiltrados(null, null, null, null, null)
 5 SYSTEMPATH\CodeIgniter.php(941): App\Controllers\Home->index()
 6 SYSTEMPATH\CodeIgniter.php(502): CodeIgniter\CodeIgniter->runController(Object(App\Controllers\Home))
 7 SYSTEMPATH\CodeIgniter.php(361): CodeIgniter\CodeIgniter->handleRequest(null, Object(Config\Cache), false)
 8 FCPATH\index.php(79): CodeIgniter\CodeIgniter->run()
CRITICAL - 2026-04-22 13:07:27 --> [Caused by] mysqli_sql_exception: Unknown column 'aa.idArticulo' in 'on clause'
in SYSTEMPATH\Database\MySQLi\Connection.php on line 306.
 1 SYSTEMPATH\Database\MySQLi\Connection.php(306): mysqli->query('CALL sp_buscar_articulos_filtrados(NULL, NULL, NULL, NULL, NULL)', 0)
 2 SYSTEMPATH\Database\BaseConnection.php(693): CodeIgniter\Database\MySQLi\Connection->execute('CALL sp_buscar_articulos_filtrados(NULL, NULL, NULL, NULL, NULL)')
 3 SYSTEMPATH\Database\BaseConnection.php(607): CodeIgniter\Database\BaseConnection->simpleQuery('CALL sp_buscar_articulos_filtrados(NULL, NULL, NULL, NULL, NULL)')
 4 APPPATH\Models\ArticuloModel.php(134): CodeIgniter\Database\BaseConnection->query('CALL sp_buscar_articulos_filtrados(?, ?, ?, ?, ?)', [...])
 5 APPPATH\Controllers\Home.php(45): App\Models\ArticuloModel->getArticulosFiltrados(null, null, null, null, null)
 6 SYSTEMPATH\CodeIgniter.php(941): App\Controllers\Home->index()
 7 SYSTEMPATH\CodeIgniter.php(502): CodeIgniter\CodeIgniter->runController(Object(App\Controllers\Home))
 8 SYSTEMPATH\CodeIgniter.php(361): CodeIgniter\CodeIgniter->handleRequest(null, Object(Config\Cache), false)
 9 FCPATH\index.php(79): CodeIgniter\CodeIgniter->run()
INFO - 2026-04-22 13:09:46 --> Session: Class initialized using 'CodeIgniter\Session\Handlers\FileHandler' driver.
ERROR - 2026-04-22 13:09:46 --> mysqli_sql_exception: Unknown column 'aa.idArticulo' in 'on clause' in C:\xampp\htdocs\digibook\system\Database\MySQLi\Connection.php:306
Stack trace:
#0 C:\xampp\htdocs\digibook\system\Database\MySQLi\Connection.php(306): mysqli->query('CALL sp_buscar_...', 0)
#1 C:\xampp\htdocs\digibook\system\Database\BaseConnection.php(693): CodeIgniter\Database\MySQLi\Connection->execute('CALL sp_buscar_...')
#2 C:\xampp\htdocs\digibook\system\Database\BaseConnection.php(607): CodeIgniter\Database\BaseConnection->simpleQuery('CALL sp_buscar_...')
#3 C:\xampp\htdocs\digibook\app\Models\ArticuloModel.php(134): CodeIgniter\Database\BaseConnection->query('CALL sp_buscar_...', Array)
#4 C:\xampp\htdocs\digibook\app\Controllers\Home.php(45): App\Models\ArticuloModel->getArticulosFiltrados(NULL, NULL, NULL, NULL, NULL)
#5 C:\xampp\htdocs\digibook\system\CodeIgniter.php(941): App\Controllers\Home->index()
#6 C:\xampp\htdocs\digibook\system\CodeIgniter.php(502): CodeIgniter\CodeIgniter->runController(Object(App\Controllers\Home))
#7 C:\xampp\htdocs\digibook\system\CodeIgniter.php(361): CodeIgniter\CodeIgniter->handleRequest(NULL, Object(Config\Cache), false)
#8 C:\xampp\htdocs\digibook\index.php(79): CodeIgniter\CodeIgniter->run()
#9 {main}
CRITICAL - 2026-04-22 13:09:46 --> CodeIgniter\Database\Exceptions\DatabaseException: Unknown column 'aa.idArticulo' in 'on clause'
in SYSTEMPATH\Database\BaseConnection.php on line 647.
 1 APPPATH\Models\ArticuloModel.php(134): CodeIgniter\Database\BaseConnection->query('CALL sp_buscar_articulos_filtrados(?, ?, ?, ?, ?)', [...])
 2 APPPATH\Controllers\Home.php(45): App\Models\ArticuloModel->getArticulosFiltrados(null, null, null, null, null)
 3 SYSTEMPATH\CodeIgniter.php(941): App\Controllers\Home->index()
 4 SYSTEMPATH\CodeIgniter.php(502): CodeIgniter\CodeIgniter->runController(Object(App\Controllers\Home))
 5 SYSTEMPATH\CodeIgniter.php(361): CodeIgniter\CodeIgniter->handleRequest(null, Object(Config\Cache), false)
 6 FCPATH\index.php(79): CodeIgniter\CodeIgniter->run()
CRITICAL - 2026-04-22 13:09:46 --> [Caused by] CodeIgniter\Database\Exceptions\DatabaseException: Unknown column 'aa.idArticulo' in 'on clause'
in SYSTEMPATH\Database\MySQLi\Connection.php on line 311.
 1 SYSTEMPATH\Database\BaseConnection.php(693): CodeIgniter\Database\MySQLi\Connection->execute('CALL sp_buscar_articulos_filtrados(NULL, NULL, NULL, NULL, NULL)')
 2 SYSTEMPATH\Database\BaseConnection.php(607): CodeIgniter\Database\BaseConnection->simpleQuery('CALL sp_buscar_articulos_filtrados(NULL, NULL, NULL, NULL, NULL)')
 3 APPPATH\Models\ArticuloModel.php(134): CodeIgniter\Database\BaseConnection->query('CALL sp_buscar_articulos_filtrados(?, ?, ?, ?, ?)', [...])
 4 APPPATH\Controllers\Home.php(45): App\Models\ArticuloModel->getArticulosFiltrados(null, null, null, null, null)
 5 SYSTEMPATH\CodeIgniter.php(941): App\Controllers\Home->index()
 6 SYSTEMPATH\CodeIgniter.php(502): CodeIgniter\CodeIgniter->runController(Object(App\Controllers\Home))
 7 SYSTEMPATH\CodeIgniter.php(361): CodeIgniter\CodeIgniter->handleRequest(null, Object(Config\Cache), false)
 8 FCPATH\index.php(79): CodeIgniter\CodeIgniter->run()
CRITICAL - 2026-04-22 13:09:46 --> [Caused by] mysqli_sql_exception: Unknown column 'aa.idArticulo' in 'on clause'
in SYSTEMPATH\Database\MySQLi\Connection.php on line 306.
 1 SYSTEMPATH\Database\MySQLi\Connection.php(306): mysqli->query('CALL sp_buscar_articulos_filtrados(NULL, NULL, NULL, NULL, NULL)', 0)
 2 SYSTEMPATH\Database\BaseConnection.php(693): CodeIgniter\Database\MySQLi\Connection->execute('CALL sp_buscar_articulos_filtrados(NULL, NULL, NULL, NULL, NULL)')
 3 SYSTEMPATH\Database\BaseConnection.php(607): CodeIgniter\Database\BaseConnection->simpleQuery('CALL sp_buscar_articulos_filtrados(NULL, NULL, NULL, NULL, NULL)')
 4 APPPATH\Models\ArticuloModel.php(134): CodeIgniter\Database\BaseConnection->query('CALL sp_buscar_articulos_filtrados(?, ?, ?, ?, ?)', [...])
 5 APPPATH\Controllers\Home.php(45): App\Models\ArticuloModel->getArticulosFiltrados(null, null, null, null, null)
 6 SYSTEMPATH\CodeIgniter.php(941): App\Controllers\Home->index()
 7 SYSTEMPATH\CodeIgniter.php(502): CodeIgniter\CodeIgniter->runController(Object(App\Controllers\Home))
 8 SYSTEMPATH\CodeIgniter.php(361): CodeIgniter\CodeIgniter->handleRequest(null, Object(Config\Cache), false)
 9 FCPATH\index.php(79): CodeIgniter\CodeIgniter->run()
INFO - 2026-04-22 13:09:48 --> Session: Class initialized using 'CodeIgniter\Session\Handlers\FileHandler' driver.
ERROR - 2026-04-22 13:09:48 --> mysqli_sql_exception: Unknown column 'aa.idArticulo' in 'on clause' in C:\xampp\htdocs\digibook\system\Database\MySQLi\Connection.php:306
Stack trace:
#0 C:\xampp\htdocs\digibook\system\Database\MySQLi\Connection.php(306): mysqli->query('CALL sp_buscar_...', 0)
#1 C:\xampp\htdocs\digibook\system\Database\BaseConnection.php(693): CodeIgniter\Database\MySQLi\Connection->execute('CALL sp_buscar_...')
#2 C:\xampp\htdocs\digibook\system\Database\BaseConnection.php(607): CodeIgniter\Database\BaseConnection->simpleQuery('CALL sp_buscar_...')
#3 C:\xampp\htdocs\digibook\app\Models\ArticuloModel.php(134): CodeIgniter\Database\BaseConnection->query('CALL sp_buscar_...', Array)
#4 C:\xampp\htdocs\digibook\app\Controllers\Home.php(45): App\Models\ArticuloModel->getArticulosFiltrados(NULL, NULL, NULL, NULL, NULL)
#5 C:\xampp\htdocs\digibook\system\CodeIgniter.php(941): App\Controllers\Home->index()
#6 C:\xampp\htdocs\digibook\system\CodeIgniter.php(502): CodeIgniter\CodeIgniter->runController(Object(App\Controllers\Home))
#7 C:\xampp\htdocs\digibook\system\CodeIgniter.php(361): CodeIgniter\CodeIgniter->handleRequest(NULL, Object(Config\Cache), false)
#8 C:\xampp\htdocs\digibook\index.php(79): CodeIgniter\CodeIgniter->run()
#9 {main}
CRITICAL - 2026-04-22 13:09:48 --> CodeIgniter\Database\Exceptions\DatabaseException: Unknown column 'aa.idArticulo' in 'on clause'
in SYSTEMPATH\Database\BaseConnection.php on line 647.
 1 APPPATH\Models\ArticuloModel.php(134): CodeIgniter\Database\BaseConnection->query('CALL sp_buscar_articulos_filtrados(?, ?, ?, ?, ?)', [...])
 2 APPPATH\Controllers\Home.php(45): App\Models\ArticuloModel->getArticulosFiltrados(null, null, null, null, null)
 3 SYSTEMPATH\CodeIgniter.php(941): App\Controllers\Home->index()
 4 SYSTEMPATH\CodeIgniter.php(502): CodeIgniter\CodeIgniter->runController(Object(App\Controllers\Home))
 5 SYSTEMPATH\CodeIgniter.php(361): CodeIgniter\CodeIgniter->handleRequest(null, Object(Config\Cache), false)
 6 FCPATH\index.php(79): CodeIgniter\CodeIgniter->run()
CRITICAL - 2026-04-22 13:09:48 --> [Caused by] CodeIgniter\Database\Exceptions\DatabaseException: Unknown column 'aa.idArticulo' in 'on clause'
in SYSTEMPATH\Database\MySQLi\Connection.php on line 311.
 1 SYSTEMPATH\Database\BaseConnection.php(693): CodeIgniter\Database\MySQLi\Connection->execute('CALL sp_buscar_articulos_filtrados(NULL, NULL, NULL, NULL, NULL)')
 2 SYSTEMPATH\Database\BaseConnection.php(607): CodeIgniter\Database\BaseConnection->simpleQuery('CALL sp_buscar_articulos_filtrados(NULL, NULL, NULL, NULL, NULL)')
 3 APPPATH\Models\ArticuloModel.php(134): CodeIgniter\Database\BaseConnection->query('CALL sp_buscar_articulos_filtrados(?, ?, ?, ?, ?)', [...])
 4 APPPATH\Controllers\Home.php(45): App\Models\ArticuloModel->getArticulosFiltrados(null, null, null, null, null)
 5 SYSTEMPATH\CodeIgniter.php(941): App\Controllers\Home->index()
 6 SYSTEMPATH\CodeIgniter.php(502): CodeIgniter\CodeIgniter->runController(Object(App\Controllers\Home))
 7 SYSTEMPATH\CodeIgniter.php(361): CodeIgniter\CodeIgniter->handleRequest(null, Object(Config\Cache), false)
 8 FCPATH\index.php(79): CodeIgniter\CodeIgniter->run()
CRITICAL - 2026-04-22 13:09:48 --> [Caused by] mysqli_sql_exception: Unknown column 'aa.idArticulo' in 'on clause'
in SYSTEMPATH\Database\MySQLi\Connection.php on line 306.
 1 SYSTEMPATH\Database\MySQLi\Connection.php(306): mysqli->query('CALL sp_buscar_articulos_filtrados(NULL, NULL, NULL, NULL, NULL)', 0)
 2 SYSTEMPATH\Database\BaseConnection.php(693): CodeIgniter\Database\MySQLi\Connection->execute('CALL sp_buscar_articulos_filtrados(NULL, NULL, NULL, NULL, NULL)')
 3 SYSTEMPATH\Database\BaseConnection.php(607): CodeIgniter\Database\BaseConnection->simpleQuery('CALL sp_buscar_articulos_filtrados(NULL, NULL, NULL, NULL, NULL)')
 4 APPPATH\Models\ArticuloModel.php(134): CodeIgniter\Database\BaseConnection->query('CALL sp_buscar_articulos_filtrados(?, ?, ?, ?, ?)', [...])
 5 APPPATH\Controllers\Home.php(45): App\Models\ArticuloModel->getArticulosFiltrados(null, null, null, null, null)
 6 SYSTEMPATH\CodeIgniter.php(941): App\Controllers\Home->index()
 7 SYSTEMPATH\CodeIgniter.php(502): CodeIgniter\CodeIgniter->runController(Object(App\Controllers\Home))
 8 SYSTEMPATH\CodeIgniter.php(361): CodeIgniter\CodeIgniter->handleRequest(null, Object(Config\Cache), false)
 9 FCPATH\index.php(79): CodeIgniter\CodeIgniter->run()
INFO - 2026-04-22 13:09:48 --> Session: Class initialized using 'CodeIgniter\Session\Handlers\FileHandler' driver.
ERROR - 2026-04-22 13:09:48 --> mysqli_sql_exception: Unknown column 'aa.idArticulo' in 'on clause' in C:\xampp\htdocs\digibook\system\Database\MySQLi\Connection.php:306
Stack trace:
#0 C:\xampp\htdocs\digibook\system\Database\MySQLi\Connection.php(306): mysqli->query('CALL sp_buscar_...', 0)
#1 C:\xampp\htdocs\digibook\system\Database\BaseConnection.php(693): CodeIgniter\Database\MySQLi\Connection->execute('CALL sp_buscar_...')
#2 C:\xampp\htdocs\digibook\system\Database\BaseConnection.php(607): CodeIgniter\Database\BaseConnection->simpleQuery('CALL sp_buscar_...')
#3 C:\xampp\htdocs\digibook\app\Models\ArticuloModel.php(134): CodeIgniter\Database\BaseConnection->query('CALL sp_buscar_...', Array)
#4 C:\xampp\htdocs\digibook\app\Controllers\Home.php(45): App\Models\ArticuloModel->getArticulosFiltrados(NULL, NULL, NULL, NULL, NULL)
#5 C:\xampp\htdocs\digibook\system\CodeIgniter.php(941): App\Controllers\Home->index()
#6 C:\xampp\htdocs\digibook\system\CodeIgniter.php(502): CodeIgniter\CodeIgniter->runController(Object(App\Controllers\Home))
#7 C:\xampp\htdocs\digibook\system\CodeIgniter.php(361): CodeIgniter\CodeIgniter->handleRequest(NULL, Object(Config\Cache), false)
#8 C:\xampp\htdocs\digibook\index.php(79): CodeIgniter\CodeIgniter->run()
#9 {main}
CRITICAL - 2026-04-22 13:09:48 --> CodeIgniter\Database\Exceptions\DatabaseException: Unknown column 'aa.idArticulo' in 'on clause'
in SYSTEMPATH\Database\BaseConnection.php on line 647.
 1 APPPATH\Models\ArticuloModel.php(134): CodeIgniter\Database\BaseConnection->query('CALL sp_buscar_articulos_filtrados(?, ?, ?, ?, ?)', [...])
 2 APPPATH\Controllers\Home.php(45): App\Models\ArticuloModel->getArticulosFiltrados(null, null, null, null, null)
 3 SYSTEMPATH\CodeIgniter.php(941): App\Controllers\Home->index()
 4 SYSTEMPATH\CodeIgniter.php(502): CodeIgniter\CodeIgniter->runController(Object(App\Controllers\Home))
 5 SYSTEMPATH\CodeIgniter.php(361): CodeIgniter\CodeIgniter->handleRequest(null, Object(Config\Cache), false)
 6 FCPATH\index.php(79): CodeIgniter\CodeIgniter->run()
CRITICAL - 2026-04-22 13:09:48 --> [Caused by] CodeIgniter\Database\Exceptions\DatabaseException: Unknown column 'aa.idArticulo' in 'on clause'
in SYSTEMPATH\Database\MySQLi\Connection.php on line 311.
 1 SYSTEMPATH\Database\BaseConnection.php(693): CodeIgniter\Database\MySQLi\Connection->execute('CALL sp_buscar_articulos_filtrados(NULL, NULL, NULL, NULL, NULL)')
 2 SYSTEMPATH\Database\BaseConnection.php(607): CodeIgniter\Database\BaseConnection->simpleQuery('CALL sp_buscar_articulos_filtrados(NULL, NULL, NULL, NULL, NULL)')
 3 APPPATH\Models\ArticuloModel.php(134): CodeIgniter\Database\BaseConnection->query('CALL sp_buscar_articulos_filtrados(?, ?, ?, ?, ?)', [...])
 4 APPPATH\Controllers\Home.php(45): App\Models\ArticuloModel->getArticulosFiltrados(null, null, null, null, null)
 5 SYSTEMPATH\CodeIgniter.php(941): App\Controllers\Home->index()
 6 SYSTEMPATH\CodeIgniter.php(502): CodeIgniter\CodeIgniter->runController(Object(App\Controllers\Home))
 7 SYSTEMPATH\CodeIgniter.php(361): CodeIgniter\CodeIgniter->handleRequest(null, Object(Config\Cache), false)
 8 FCPATH\index.php(79): CodeIgniter\CodeIgniter->run()
CRITICAL - 2026-04-22 13:09:48 --> [Caused by] mysqli_sql_exception: Unknown column 'aa.idArticulo' in 'on clause'
in SYSTEMPATH\Database\MySQLi\Connection.php on line 306.
 1 SYSTEMPATH\Database\MySQLi\Connection.php(306): mysqli->query('CALL sp_buscar_articulos_filtrados(NULL, NULL, NULL, NULL, NULL)', 0)
 2 SYSTEMPATH\Database\BaseConnection.php(693): CodeIgniter\Database\MySQLi\Connection->execute('CALL sp_buscar_articulos_filtrados(NULL, NULL, NULL, NULL, NULL)')
 3 SYSTEMPATH\Database\BaseConnection.php(607): CodeIgniter\Database\BaseConnection->simpleQuery('CALL sp_buscar_articulos_filtrados(NULL, NULL, NULL, NULL, NULL)')
 4 APPPATH\Models\ArticuloModel.php(134): CodeIgniter\Database\BaseConnection->query('CALL sp_buscar_articulos_filtrados(?, ?, ?, ?, ?)', [...])
 5 APPPATH\Controllers\Home.php(45): App\Models\ArticuloModel->getArticulosFiltrados(null, null, null, null, null)
 6 SYSTEMPATH\CodeIgniter.php(941): App\Controllers\Home->index()
 7 SYSTEMPATH\CodeIgniter.php(502): CodeIgniter\CodeIgniter->runController(Object(App\Controllers\Home))
 8 SYSTEMPATH\CodeIgniter.php(361): CodeIgniter\CodeIgniter->handleRequest(null, Object(Config\Cache), false)
 9 FCPATH\index.php(79): CodeIgniter\CodeIgniter->run()
INFO - 2026-04-22 13:10:05 --> Session: Class initialized using 'CodeIgniter\Session\Handlers\FileHandler' driver.
ERROR - 2026-04-22 13:10:05 --> mysqli_sql_exception: Unknown column 'aa.idArticulo' in 'on clause' in C:\xampp\htdocs\digibook\system\Database\MySQLi\Connection.php:306
Stack trace:
#0 C:\xampp\htdocs\digibook\system\Database\MySQLi\Connection.php(306): mysqli->query('CALL sp_buscar_...', 0)
#1 C:\xampp\htdocs\digibook\system\Database\BaseConnection.php(693): CodeIgniter\Database\MySQLi\Connection->execute('CALL sp_buscar_...')
#2 C:\xampp\htdocs\digibook\system\Database\BaseConnection.php(607): CodeIgniter\Database\BaseConnection->simpleQuery('CALL sp_buscar_...')
#3 C:\xampp\htdocs\digibook\app\Models\ArticuloModel.php(134): CodeIgniter\Database\BaseConnection->query('CALL sp_buscar_...', Array)
#4 C:\xampp\htdocs\digibook\app\Controllers\Home.php(45): App\Models\ArticuloModel->getArticulosFiltrados(NULL, NULL, NULL, NULL, NULL)
#5 C:\xampp\htdocs\digibook\system\CodeIgniter.php(941): App\Controllers\Home->index()
#6 C:\xampp\htdocs\digibook\system\CodeIgniter.php(502): CodeIgniter\CodeIgniter->runController(Object(App\Controllers\Home))
#7 C:\xampp\htdocs\digibook\system\CodeIgniter.php(361): CodeIgniter\CodeIgniter->handleRequest(NULL, Object(Config\Cache), false)
#8 C:\xampp\htdocs\digibook\index.php(79): CodeIgniter\CodeIgniter->run()
#9 {main}
CRITICAL - 2026-04-22 13:10:05 --> CodeIgniter\Database\Exceptions\DatabaseException: Unknown column 'aa.idArticulo' in 'on clause'
in SYSTEMPATH\Database\BaseConnection.php on line 647.
 1 APPPATH\Models\ArticuloModel.php(134): CodeIgniter\Database\BaseConnection->query('CALL sp_buscar_articulos_filtrados(?, ?, ?, ?, ?)', [...])
 2 APPPATH\Controllers\Home.php(45): App\Models\ArticuloModel->getArticulosFiltrados(null, null, null, null, null)
 3 SYSTEMPATH\CodeIgniter.php(941): App\Controllers\Home->index()
 4 SYSTEMPATH\CodeIgniter.php(502): CodeIgniter\CodeIgniter->runController(Object(App\Controllers\Home))
 5 SYSTEMPATH\CodeIgniter.php(361): CodeIgniter\CodeIgniter->handleRequest(null, Object(Config\Cache), false)
 6 FCPATH\index.php(79): CodeIgniter\CodeIgniter->run()
CRITICAL - 2026-04-22 13:10:05 --> [Caused by] CodeIgniter\Database\Exceptions\DatabaseException: Unknown column 'aa.idArticulo' in 'on clause'
in SYSTEMPATH\Database\MySQLi\Connection.php on line 311.
 1 SYSTEMPATH\Database\BaseConnection.php(693): CodeIgniter\Database\MySQLi\Connection->execute('CALL sp_buscar_articulos_filtrados(NULL, NULL, NULL, NULL, NULL)')
 2 SYSTEMPATH\Database\BaseConnection.php(607): CodeIgniter\Database\BaseConnection->simpleQuery('CALL sp_buscar_articulos_filtrados(NULL, NULL, NULL, NULL, NULL)')
 3 APPPATH\Models\ArticuloModel.php(134): CodeIgniter\Database\BaseConnection->query('CALL sp_buscar_articulos_filtrados(?, ?, ?, ?, ?)', [...])
 4 APPPATH\Controllers\Home.php(45): App\Models\ArticuloModel->getArticulosFiltrados(null, null, null, null, null)
 5 SYSTEMPATH\CodeIgniter.php(941): App\Controllers\Home->index()
 6 SYSTEMPATH\CodeIgniter.php(502): CodeIgniter\CodeIgniter->runController(Object(App\Controllers\Home))
 7 SYSTEMPATH\CodeIgniter.php(361): CodeIgniter\CodeIgniter->handleRequest(null, Object(Config\Cache), false)
 8 FCPATH\index.php(79): CodeIgniter\CodeIgniter->run()
CRITICAL - 2026-04-22 13:10:05 --> [Caused by] mysqli_sql_exception: Unknown column 'aa.idArticulo' in 'on clause'
in SYSTEMPATH\Database\MySQLi\Connection.php on line 306.
 1 SYSTEMPATH\Database\MySQLi\Connection.php(306): mysqli->query('CALL sp_buscar_articulos_filtrados(NULL, NULL, NULL, NULL, NULL)', 0)
 2 SYSTEMPATH\Database\BaseConnection.php(693): CodeIgniter\Database\MySQLi\Connection->execute('CALL sp_buscar_articulos_filtrados(NULL, NULL, NULL, NULL, NULL)')
 3 SYSTEMPATH\Database\BaseConnection.php(607): CodeIgniter\Database\BaseConnection->simpleQuery('CALL sp_buscar_articulos_filtrados(NULL, NULL, NULL, NULL, NULL)')
 4 APPPATH\Models\ArticuloModel.php(134): CodeIgniter\Database\BaseConnection->query('CALL sp_buscar_articulos_filtrados(?, ?, ?, ?, ?)', [...])
 5 APPPATH\Controllers\Home.php(45): App\Models\ArticuloModel->getArticulosFiltrados(null, null, null, null, null)
 6 SYSTEMPATH\CodeIgniter.php(941): App\Controllers\Home->index()
 7 SYSTEMPATH\CodeIgniter.php(502): CodeIgniter\CodeIgniter->runController(Object(App\Controllers\Home))
 8 SYSTEMPATH\CodeIgniter.php(361): CodeIgniter\CodeIgniter->handleRequest(null, Object(Config\Cache), false)
 9 FCPATH\index.php(79): CodeIgniter\CodeIgniter->run()
INFO - 2026-04-22 13:10:11 --> Session: Class initialized using 'CodeIgniter\Session\Handlers\FileHandler' driver.
ERROR - 2026-04-22 13:10:11 --> mysqli_sql_exception: Unknown column 'aa.idArticulo' in 'on clause' in C:\xampp\htdocs\digibook\system\Database\MySQLi\Connection.php:306
Stack trace:
#0 C:\xampp\htdocs\digibook\system\Database\MySQLi\Connection.php(306): mysqli->query('CALL sp_buscar_...', 0)
#1 C:\xampp\htdocs\digibook\system\Database\BaseConnection.php(693): CodeIgniter\Database\MySQLi\Connection->execute('CALL sp_buscar_...')
#2 C:\xampp\htdocs\digibook\system\Database\BaseConnection.php(607): CodeIgniter\Database\BaseConnection->simpleQuery('CALL sp_buscar_...')
#3 C:\xampp\htdocs\digibook\app\Models\ArticuloModel.php(134): CodeIgniter\Database\BaseConnection->query('CALL sp_buscar_...', Array)
#4 C:\xampp\htdocs\digibook\app\Controllers\Home.php(45): App\Models\ArticuloModel->getArticulosFiltrados(NULL, NULL, NULL, NULL, NULL)
#5 C:\xampp\htdocs\digibook\system\CodeIgniter.php(941): App\Controllers\Home->index()
#6 C:\xampp\htdocs\digibook\system\CodeIgniter.php(502): CodeIgniter\CodeIgniter->runController(Object(App\Controllers\Home))
#7 C:\xampp\htdocs\digibook\system\CodeIgniter.php(361): CodeIgniter\CodeIgniter->handleRequest(NULL, Object(Config\Cache), false)
#8 C:\xampp\htdocs\digibook\index.php(79): CodeIgniter\CodeIgniter->run()
#9 {main}
CRITICAL - 2026-04-22 13:10:11 --> CodeIgniter\Database\Exceptions\DatabaseException: Unknown column 'aa.idArticulo' in 'on clause'
in SYSTEMPATH\Database\BaseConnection.php on line 647.
 1 APPPATH\Models\ArticuloModel.php(134): CodeIgniter\Database\BaseConnection->query('CALL sp_buscar_articulos_filtrados(?, ?, ?, ?, ?)', [...])
 2 APPPATH\Controllers\Home.php(45): App\Models\ArticuloModel->getArticulosFiltrados(null, null, null, null, null)
 3 SYSTEMPATH\CodeIgniter.php(941): App\Controllers\Home->index()
 4 SYSTEMPATH\CodeIgniter.php(502): CodeIgniter\CodeIgniter->runController(Object(App\Controllers\Home))
 5 SYSTEMPATH\CodeIgniter.php(361): CodeIgniter\CodeIgniter->handleRequest(null, Object(Config\Cache), false)
 6 FCPATH\index.php(79): CodeIgniter\CodeIgniter->run()
CRITICAL - 2026-04-22 13:10:11 --> [Caused by] CodeIgniter\Database\Exceptions\DatabaseException: Unknown column 'aa.idArticulo' in 'on clause'
in SYSTEMPATH\Database\MySQLi\Connection.php on line 311.
 1 SYSTEMPATH\Database\BaseConnection.php(693): CodeIgniter\Database\MySQLi\Connection->execute('CALL sp_buscar_articulos_filtrados(NULL, NULL, NULL, NULL, NULL)')
 2 SYSTEMPATH\Database\BaseConnection.php(607): CodeIgniter\Database\BaseConnection->simpleQuery('CALL sp_buscar_articulos_filtrados(NULL, NULL, NULL, NULL, NULL)')
 3 APPPATH\Models\ArticuloModel.php(134): CodeIgniter\Database\BaseConnection->query('CALL sp_buscar_articulos_filtrados(?, ?, ?, ?, ?)', [...])
 4 APPPATH\Controllers\Home.php(45): App\Models\ArticuloModel->getArticulosFiltrados(null, null, null, null, null)
 5 SYSTEMPATH\CodeIgniter.php(941): App\Controllers\Home->index()
 6 SYSTEMPATH\CodeIgniter.php(502): CodeIgniter\CodeIgniter->runController(Object(App\Controllers\Home))
 7 SYSTEMPATH\CodeIgniter.php(361): CodeIgniter\CodeIgniter->handleRequest(null, Object(Config\Cache), false)
 8 FCPATH\index.php(79): CodeIgniter\CodeIgniter->run()
CRITICAL - 2026-04-22 13:10:11 --> [Caused by] mysqli_sql_exception: Unknown column 'aa.idArticulo' in 'on clause'
in SYSTEMPATH\Database\MySQLi\Connection.php on line 306.
 1 SYSTEMPATH\Database\MySQLi\Connection.php(306): mysqli->query('CALL sp_buscar_articulos_filtrados(NULL, NULL, NULL, NULL, NULL)', 0)
 2 SYSTEMPATH\Database\BaseConnection.php(693): CodeIgniter\Database\MySQLi\Connection->execute('CALL sp_buscar_articulos_filtrados(NULL, NULL, NULL, NULL, NULL)')
 3 SYSTEMPATH\Database\BaseConnection.php(607): CodeIgniter\Database\BaseConnection->simpleQuery('CALL sp_buscar_articulos_filtrados(NULL, NULL, NULL, NULL, NULL)')
 4 APPPATH\Models\ArticuloModel.php(134): CodeIgniter\Database\BaseConnection->query('CALL sp_buscar_articulos_filtrados(?, ?, ?, ?, ?)', [...])
 5 APPPATH\Controllers\Home.php(45): App\Models\ArticuloModel->getArticulosFiltrados(null, null, null, null, null)
 6 SYSTEMPATH\CodeIgniter.php(941): App\Controllers\Home->index()
 7 SYSTEMPATH\CodeIgniter.php(502): CodeIgniter\CodeIgniter->runController(Object(App\Controllers\Home))
 8 SYSTEMPATH\CodeIgniter.php(361): CodeIgniter\CodeIgniter->handleRequest(null, Object(Config\Cache), false)
 9 FCPATH\index.php(79): CodeIgniter\CodeIgniter->run()
INFO - 2026-04-22 13:12:32 --> Session: Class initialized using 'CodeIgniter\Session\Handlers\FileHandler' driver.
INFO - 2026-04-22 13:12:46 --> Session: Class initialized using 'CodeIgniter\Session\Handlers\FileHandler' driver.
INFO - 2026-04-22 13:13:10 --> Session: Class initialized using 'CodeIgniter\Session\Handlers\FileHandler' driver.
INFO - 2026-04-22 13:13:19 --> Session: Class initialized using 'CodeIgniter\Session\Handlers\FileHandler' driver.
INFO - 2026-04-22 13:16:10 --> Session: Class initialized using 'CodeIgniter\Session\Handlers\FileHandler' driver.
INFO - 2026-04-22 13:16:15 --> Session: Class initialized using 'CodeIgniter\Session\Handlers\FileHandler' driver.
INFO - 2026-04-22 13:16:20 --> Session: Class initialized using 'CodeIgniter\Session\Handlers\FileHandler' driver.
INFO - 2026-04-22 13:19:29 --> Session: Class initialized using 'CodeIgniter\Session\Handlers\FileHandler' driver.
INFO - 2026-04-22 13:21:18 --> Session: Class initialized using 'CodeIgniter\Session\Handlers\FileHandler' driver.
INFO - 2026-04-22 13:21:28 --> Session: Class initialized using 'CodeIgniter\Session\Handlers\FileHandler' driver.
INFO - 2026-04-22 13:21:48 --> Session: Class initialized using 'CodeIgniter\Session\Handlers\FileHandler' driver.
INFO - 2026-04-22 13:21:52 --> Session: Class initialized using 'CodeIgniter\Session\Handlers\FileHandler' driver.
INFO - 2026-04-22 13:22:02 --> Session: Class initialized using 'CodeIgniter\Session\Handlers\FileHandler' driver.
INFO - 2026-04-22 13:22:06 --> Session: Class initialized using 'CodeIgniter\Session\Handlers\FileHandler' driver.
INFO - 2026-04-22 13:22:24 --> Session: Class initialized using 'CodeIgniter\Session\Handlers\FileHandler' driver.
INFO - 2026-04-22 13:22:33 --> Session: Class initialized using 'CodeIgniter\Session\Handlers\FileHandler' driver.
INFO - 2026-04-22 13:22:39 --> Session: Class initialized using 'CodeIgniter\Session\Handlers\FileHandler' driver.
INFO - 2026-04-22 13:22:53 --> Session: Class initialized using 'CodeIgniter\Session\Handlers\FileHandler' driver.
INFO - 2026-04-22 13:53:33 --> Session: Class initialized using 'CodeIgniter\Session\Handlers\FileHandler' driver.
INFO - 2026-04-22 13:53:45 --> Session: Class initialized using 'CodeIgniter\Session\Handlers\FileHandler' driver.
INFO - 2026-04-22 13:55:18 --> Session: Class initialized using 'CodeIgniter\Session\Handlers\FileHandler' driver.
INFO - 2026-04-22 13:55:24 --> Session: Class initialized using 'CodeIgniter\Session\Handlers\FileHandler' driver.
INFO - 2026-04-22 13:55:41 --> Session: Class initialized using 'CodeIgniter\Session\Handlers\FileHandler' driver.
INFO - 2026-04-22 13:55:53 --> Session: Class initialized using 'CodeIgniter\Session\Handlers\FileHandler' driver.
INFO - 2026-04-22 14:05:50 --> Session: Class initialized using 'CodeIgniter\Session\Handlers\FileHandler' driver.
INFO - 2026-04-22 14:05:53 --> Session: Class initialized using 'CodeIgniter\Session\Handlers\FileHandler' driver.
INFO - 2026-04-22 14:05:55 --> Session: Class initialized using 'CodeIgniter\Session\Handlers\FileHandler' driver.
INFO - 2026-04-22 14:06:04 --> Session: Class initialized using 'CodeIgniter\Session\Handlers\FileHandler' driver.
INFO - 2026-04-22 14:07:48 --> Session: Class initialized using 'CodeIgniter\Session\Handlers\FileHandler' driver.
INFO - 2026-04-22 14:07:49 --> Session: Class initialized using 'CodeIgniter\Session\Handlers\FileHandler' driver.
INFO - 2026-04-22 14:09:17 --> Session: Class initialized using 'CodeIgniter\Session\Handlers\FileHandler' driver.
INFO - 2026-04-22 14:09:24 --> Session: Class initialized using 'CodeIgniter\Session\Handlers\FileHandler' driver.
INFO - 2026-04-22 14:09:29 --> Session: Class initialized using 'CodeIgniter\Session\Handlers\FileHandler' driver.
INFO - 2026-04-22 14:09:43 --> Session: Class initialized using 'CodeIgniter\Session\Handlers\FileHandler' driver.
INFO - 2026-04-22 14:09:47 --> Session: Class initialized using 'CodeIgniter\Session\Handlers\FileHandler' driver.
INFO - 2026-04-22 14:09:50 --> Session: Class initialized using 'CodeIgniter\Session\Handlers\FileHandler' driver.
INFO - 2026-04-22 14:09:53 --> Session: Class initialized using 'CodeIgniter\Session\Handlers\FileHandler' driver.
INFO - 2026-04-22 14:10:08 --> Session: Class initialized using 'CodeIgniter\Session\Handlers\FileHandler' driver.
INFO - 2026-04-22 14:10:44 --> Session: Class initialized using 'CodeIgniter\Session\Handlers\FileHandler' driver.
INFO - 2026-04-22 14:10:52 --> Session: Class initialized using 'CodeIgniter\Session\Handlers\FileHandler' driver.
INFO - 2026-04-22 14:17:52 --> Session: Class initialized using 'CodeIgniter\Session\Handlers\FileHandler' driver.
INFO - 2026-04-22 14:18:08 --> Session: Class initialized using 'CodeIgniter\Session\Handlers\FileHandler' driver.
INFO - 2026-04-22 14:18:14 --> Session: Class initialized using 'CodeIgniter\Session\Handlers\FileHandler' driver.
INFO - 2026-04-22 14:18:22 --> Session: Class initialized using 'CodeIgniter\Session\Handlers\FileHandler' driver.
INFO - 2026-04-22 14:18:23 --> Session: Class initialized using 'CodeIgniter\Session\Handlers\FileHandler' driver.
INFO - 2026-04-22 14:18:25 --> Session: Class initialized using 'CodeIgniter\Session\Handlers\FileHandler' driver.
INFO - 2026-04-22 14:18:30 --> Session: Class initialized using 'CodeIgniter\Session\Handlers\FileHandler' driver.
INFO - 2026-04-22 14:18:33 --> Session: Class initialized using 'CodeIgniter\Session\Handlers\FileHandler' driver.
INFO - 2026-04-22 14:18:38 --> Session: Class initialized using 'CodeIgniter\Session\Handlers\FileHandler' driver.
INFO - 2026-04-22 14:18:41 --> Session: Class initialized using 'CodeIgniter\Session\Handlers\FileHandler' driver.
INFO - 2026-04-22 14:18:44 --> Session: Class initialized using 'CodeIgniter\Session\Handlers\FileHandler' driver.
INFO - 2026-04-22 14:18:44 --> Cart Class Initialized
INFO - 2026-04-22 14:18:49 --> Session: Class initialized using 'CodeIgniter\Session\Handlers\FileHandler' driver.
INFO - 2026-04-22 14:18:51 --> Session: Class initialized using 'CodeIgniter\Session\Handlers\FileHandler' driver.
INFO - 2026-04-22 18:45:08 --> Session: Class initialized using 'CodeIgniter\Session\Handlers\FileHandler' driver.
INFO - 2026-04-22 18:46:09 --> Session: Class initialized using 'CodeIgniter\Session\Handlers\FileHandler' driver.
INFO - 2026-04-22 18:47:31 --> Session: Class initialized using 'CodeIgniter\Session\Handlers\FileHandler' driver.
