INFO - 2026-03-09 20:46:08 --> Session: Class initialized using 'CodeIgniter\Session\Handlers\FileHandler' driver.
ERROR - 2026-03-09 20:46:13 --> Error connecting to the database: mysqli_sql_exception: No connection could be made because the target machine actively refused it in C:\xampp\htdocs\digibook\system\Database\MySQLi\Connection.php:184
Stack trace:
#0 C:\xampp\htdocs\digibook\system\Database\MySQLi\Connection.php(184): mysqli->real_connect('localhost', 'root', Object(SensitiveParameterValue), 'digibook2', 3306, '', 0)
#1 C:\xampp\htdocs\digibook\system\Database\BaseConnection.php(392): CodeIgniter\Database\MySQLi\Connection->connect(false)
#2 C:\xampp\htdocs\digibook\system\Database\BaseConnection.php(575): CodeIgniter\Database\BaseConnection->initialize()
#3 C:\xampp\htdocs\digibook\app\Models\ArticuloModel.php(64): CodeIgniter\Database\BaseConnection->query('CALL obtenerLib...')
#4 C:\xampp\htdocs\digibook\app\Controllers\Home.php(30): App\Models\ArticuloModel->getArticulos()
#5 C:\xampp\htdocs\digibook\system\CodeIgniter.php(941): App\Controllers\Home->index()
#6 C:\xampp\htdocs\digibook\system\CodeIgniter.php(502): CodeIgniter\CodeIgniter->runController(Object(App\Controllers\Home))
#7 C:\xampp\htdocs\digibook\system\CodeIgniter.php(361): CodeIgniter\CodeIgniter->handleRequest(NULL, Object(Config\Cache), false)
#8 C:\xampp\htdocs\digibook\index.php(79): CodeIgniter\CodeIgniter->run()
#9 {main}

Next CodeIgniter\Database\Exceptions\DatabaseException: No connection could be made because the target machine actively refused it in C:\xampp\htdocs\digibook\system\Database\MySQLi\Connection.php:229
Stack trace:
#0 C:\xampp\htdocs\digibook\system\Database\BaseConnection.php(392): CodeIgniter\Database\MySQLi\Connection->connect(false)
#1 C:\xampp\htdocs\digibook\system\Database\BaseConnection.php(575): CodeIgniter\Database\BaseConnection->initialize()
#2 C:\xampp\htdocs\digibook\app\Models\ArticuloModel.php(64): CodeIgniter\Database\BaseConnection->query('CALL obtenerLib...')
#3 C:\xampp\htdocs\digibook\app\Controllers\Home.php(30): App\Models\ArticuloModel->getArticulos()
#4 C:\xampp\htdocs\digibook\system\CodeIgniter.php(941): App\Controllers\Home->index()
#5 C:\xampp\htdocs\digibook\system\CodeIgniter.php(502): CodeIgniter\CodeIgniter->runController(Object(App\Controllers\Home))
#6 C:\xampp\htdocs\digibook\system\CodeIgniter.php(361): CodeIgniter\CodeIgniter->handleRequest(NULL, Object(Config\Cache), false)
#7 C:\xampp\htdocs\digibook\index.php(79): CodeIgniter\CodeIgniter->run()
#8 {main}
CRITICAL - 2026-03-09 20:46:13 --> ErrorException: foreach() argument must be of type array|object, int given
in APPPATH\Views\Contenido\index.php on line 10.
 1 APPPATH\Views\Contenido\index.php(10): CodeIgniter\Debug\Exceptions->errorHandler(2, 'foreach() argument must be of type array|object, int given', 'C:\\xampp\\htdocs\\digibook\\app\\Views\\Contenido\\index.php', 10)
 2 SYSTEMPATH\View\View.php(228): include('C:\\xampp\\htdocs\\digibook\\app\\Views\\Contenido\\index.php')
 3 SYSTEMPATH\View\View.php(231): CodeIgniter\View\View->CodeIgniter\View\{closure}()
 4 SYSTEMPATH\Common.php(1178): CodeIgniter\View\View->render('Contenido/index', [], true)
 5 APPPATH\Controllers\Home.php(34): view('Contenido/index', [...])
 6 SYSTEMPATH\CodeIgniter.php(941): App\Controllers\Home->index()
 7 SYSTEMPATH\CodeIgniter.php(502): CodeIgniter\CodeIgniter->runController(Object(App\Controllers\Home))
 8 SYSTEMPATH\CodeIgniter.php(361): CodeIgniter\CodeIgniter->handleRequest(null, Object(Config\Cache), false)
 9 FCPATH\index.php(79): CodeIgniter\CodeIgniter->run()
INFO - 2026-03-09 20:47:16 --> Session: Class initialized using 'CodeIgniter\Session\Handlers\FileHandler' driver.
INFO - 2026-03-09 20:48:04 --> Session: Class initialized using 'CodeIgniter\Session\Handlers\FileHandler' driver.
INFO - 2026-03-09 20:48:04 --> Cart Class Initialized
INFO - 2026-03-09 20:48:04 --> Session: Class initialized using 'CodeIgniter\Session\Handlers\FileHandler' driver.
INFO - 2026-03-09 20:48:04 --> Cart Class Initialized
INFO - 2026-03-09 20:50:48 --> Session: Class initialized using 'CodeIgniter\Session\Handlers\FileHandler' driver.
INFO - 2026-03-09 20:50:51 --> Session: Class initialized using 'CodeIgniter\Session\Handlers\FileHandler' driver.
INFO - 2026-03-09 20:50:51 --> Cart Class Initialized
INFO - 2026-03-09 20:50:51 --> Session: Class initialized using 'CodeIgniter\Session\Handlers\FileHandler' driver.
INFO - 2026-03-09 20:50:51 --> Cart Class Initialized
INFO - 2026-03-09 20:50:53 --> Session: Class initialized using 'CodeIgniter\Session\Handlers\FileHandler' driver.
INFO - 2026-03-09 20:50:53 --> Cart Class Initialized
INFO - 2026-03-09 20:50:55 --> Session: Class initialized using 'CodeIgniter\Session\Handlers\FileHandler' driver.
INFO - 2026-03-09 20:50:55 --> Cart Class Initialized
INFO - 2026-03-09 20:50:58 --> Session: Class initialized using 'CodeIgniter\Session\Handlers\FileHandler' driver.
