INFO - 2025-11-28 00:49:33 --> Session: Class initialized using 'CodeIgniter\Session\Handlers\FileHandler' driver.
INFO - 2025-11-28 00:49:37 --> Session: Class initialized using 'CodeIgniter\Session\Handlers\FileHandler' driver.
INFO - 2025-11-28 00:52:56 --> Session: Class initialized using 'CodeIgniter\Session\Handlers\FileHandler' driver.
INFO - 2025-11-28 00:52:57 --> Session: Class initialized using 'CodeIgniter\Session\Handlers\FileHandler' driver.
INFO - 2025-11-28 00:54:00 --> Session: Class initialized using 'CodeIgniter\Session\Handlers\FileHandler' driver.
ERROR - 2025-11-28 00:54:00 --> mysqli_sql_exception: Incorrect number of arguments for PROCEDURE digibook2.crearNuevoLibro; expected 11, got 10 in C:\xampp\htdocs\digibook\system\Database\MySQLi\Connection.php:306
Stack trace:
#0 C:\xampp\htdocs\digibook\system\Database\MySQLi\Connection.php(306): mysqli->query('CALL crearNuevo...', 0)
#1 C:\xampp\htdocs\digibook\system\Database\BaseConnection.php(693): CodeIgniter\Database\MySQLi\Connection->execute('CALL crearNuevo...')
#2 C:\xampp\htdocs\digibook\system\Database\BaseConnection.php(607): CodeIgniter\Database\BaseConnection->simpleQuery('CALL crearNuevo...')
#3 C:\xampp\htdocs\digibook\app\Models\ArticuloModel.php(39): CodeIgniter\Database\BaseConnection->query('CALL crearNuevo...', Array)
#4 C:\xampp\htdocs\digibook\app\Controllers\Articulo.php(92): App\Models\ArticuloModel->insertaArticulo(Array)
#5 C:\xampp\htdocs\digibook\system\CodeIgniter.php(941): App\Controllers\Articulo->validarDatos()
#6 C:\xampp\htdocs\digibook\system\CodeIgniter.php(502): CodeIgniter\CodeIgniter->runController(Object(App\Controllers\Articulo))
#7 C:\xampp\htdocs\digibook\system\CodeIgniter.php(361): CodeIgniter\CodeIgniter->handleRequest(NULL, Object(Config\Cache), false)
#8 C:\xampp\htdocs\digibook\index.php(79): CodeIgniter\CodeIgniter->run()
#9 {main}
INFO - 2025-11-28 00:54:00 --> Session: Class initialized using 'CodeIgniter\Session\Handlers\FileHandler' driver.
INFO - 2025-11-28 01:04:42 --> Session: Class initialized using 'CodeIgniter\Session\Handlers\FileHandler' driver.
ERROR - 2025-11-28 01:04:42 --> mysqli_sql_exception: OUT or INOUT argument 9 for routine digibook2.crearNuevoLibro is not a variable or NEW pseudo-variable in BEFORE trigger in C:\xampp\htdocs\digibook\system\Database\MySQLi\Connection.php:306
Stack trace:
#0 C:\xampp\htdocs\digibook\system\Database\MySQLi\Connection.php(306): mysqli->query('CALL crearNuevo...', 0)
#1 C:\xampp\htdocs\digibook\system\Database\BaseConnection.php(693): CodeIgniter\Database\MySQLi\Connection->execute('CALL crearNuevo...')
#2 C:\xampp\htdocs\digibook\system\Database\BaseConnection.php(607): CodeIgniter\Database\BaseConnection->simpleQuery('CALL crearNuevo...')
#3 C:\xampp\htdocs\digibook\app\Models\ArticuloModel.php(40): CodeIgniter\Database\BaseConnection->query('CALL crearNuevo...', Array)
#4 C:\xampp\htdocs\digibook\app\Controllers\Articulo.php(92): App\Models\ArticuloModel->insertaArticulo(Array)
#5 C:\xampp\htdocs\digibook\system\CodeIgniter.php(941): App\Controllers\Articulo->validarDatos()
#6 C:\xampp\htdocs\digibook\system\CodeIgniter.php(502): CodeIgniter\CodeIgniter->runController(Object(App\Controllers\Articulo))
#7 C:\xampp\htdocs\digibook\system\CodeIgniter.php(361): CodeIgniter\CodeIgniter->handleRequest(NULL, Object(Config\Cache), false)
#8 C:\xampp\htdocs\digibook\index.php(79): CodeIgniter\CodeIgniter->run()
#9 {main}
INFO - 2025-11-28 01:04:42 --> Session: Class initialized using 'CodeIgniter\Session\Handlers\FileHandler' driver.
INFO - 2025-11-28 01:14:02 --> Session: Class initialized using 'CodeIgniter\Session\Handlers\FileHandler' driver.
INFO - 2025-11-28 01:14:02 --> Session: Class initialized using 'CodeIgniter\Session\Handlers\FileHandler' driver.
