CRITICAL - 2026-06-08 12:54:57 --> Error: Class "App\DTO\ReporteDTO" not found
in APPPATH\Models\ServicioDashboard.php on line 22.
 1 APPPATH\Controllers\Dashboard.php(65): App\Models\ServicioDashboard->obtenerReporteConsolidado('2026-01-01', '2026-01-30')
 2 SYSTEMPATH\CodeIgniter.php(941): App\Controllers\Dashboard->index()
 3 SYSTEMPATH\CodeIgniter.php(502): CodeIgniter\CodeIgniter->runController(Object(App\Controllers\Dashboard))
 4 SYSTEMPATH\CodeIgniter.php(361): CodeIgniter\CodeIgniter->handleRequest(null, Object(Config\Cache), false)
 5 FCPATH\index.php(79): CodeIgniter\CodeIgniter->run()
CRITICAL - 2026-06-08 12:56:40 --> ArgumentCountError: Too few arguments to function App\Models\ReporteDTO::__construct(), 0 passed in C:\xampp\htdocs\digibook\app\Models\ServicioDashboard.php on line 22 and exactly 5 expected
in APPPATH\Models\ReporteDTO.php on line 16.
 1 APPPATH\Models\ServicioDashboard.php(22): App\Models\ReporteDTO->__construct()
 2 APPPATH\Controllers\Dashboard.php(65): App\Models\ServicioDashboard->obtenerReporteConsolidado('2026-01-01', '2026-01-30')
 3 SYSTEMPATH\CodeIgniter.php(941): App\Controllers\Dashboard->index()
 4 SYSTEMPATH\CodeIgniter.php(502): CodeIgniter\CodeIgniter->runController(Object(App\Controllers\Dashboard))
 5 SYSTEMPATH\CodeIgniter.php(361): CodeIgniter\CodeIgniter->handleRequest(null, Object(Config\Cache), false)
 6 FCPATH\index.php(79): CodeIgniter\CodeIgniter->run()
CRITICAL - 2026-06-08 13:03:14 --> ErrorException: Undefined variable $tendenciasBusqueda
in APPPATH\Models\ReporteDTO.php on line 27.
 1 APPPATH\Models\ReporteDTO.php(27): CodeIgniter\Debug\Exceptions->errorHandler(2, 'Undefined variable $tendenciasBusqueda', 'C:\\xampp\\htdocs\\digibook\\app\\Models\\ReporteDTO.php', 27)
 2 APPPATH\Models\ServicioDashboard.php(22): App\Models\ReporteDTO->__construct()
 3 APPPATH\Controllers\Dashboard.php(65): App\Models\ServicioDashboard->obtenerReporteConsolidado('2026-01-01', '2026-01-30')
 4 SYSTEMPATH\CodeIgniter.php(941): App\Controllers\Dashboard->index()
 5 SYSTEMPATH\CodeIgniter.php(502): CodeIgniter\CodeIgniter->runController(Object(App\Controllers\Dashboard))
 6 SYSTEMPATH\CodeIgniter.php(361): CodeIgniter\CodeIgniter->handleRequest(null, Object(Config\Cache), false)
 7 FCPATH\index.php(79): CodeIgniter\CodeIgniter->run()
CRITICAL - 2026-06-08 13:05:40 --> mysqli_sql_exception: Unknown column 'c.idUsuario' in 'on clause'
in APPPATH\Models\ServicioDashboard.php on line 31.
 1 APPPATH\Models\ServicioDashboard.php(31): mysqli->next_result()
 2 APPPATH\Controllers\Dashboard.php(65): App\Models\ServicioDashboard->obtenerReporteConsolidado('2026-01-01', '2026-01-30')
 3 SYSTEMPATH\CodeIgniter.php(941): App\Controllers\Dashboard->index()
 4 SYSTEMPATH\CodeIgniter.php(502): CodeIgniter\CodeIgniter->runController(Object(App\Controllers\Dashboard))
 5 SYSTEMPATH\CodeIgniter.php(361): CodeIgniter\CodeIgniter->handleRequest(null, Object(Config\Cache), false)
 6 FCPATH\index.php(79): CodeIgniter\CodeIgniter->run()
CRITICAL - 2026-06-08 13:14:21 --> mysqli_sql_exception: Unknown column 'c.idUsuario' in 'on clause'
in APPPATH\Models\ServicioDashboard.php on line 31.
 1 APPPATH\Models\ServicioDashboard.php(31): mysqli->next_result()
 2 APPPATH\Controllers\Dashboard.php(65): App\Models\ServicioDashboard->obtenerReporteConsolidado('2026-01-01', '2026-01-30')
 3 SYSTEMPATH\CodeIgniter.php(941): App\Controllers\Dashboard->index()
 4 SYSTEMPATH\CodeIgniter.php(502): CodeIgniter\CodeIgniter->runController(Object(App\Controllers\Dashboard))
 5 SYSTEMPATH\CodeIgniter.php(361): CodeIgniter\CodeIgniter->handleRequest(null, Object(Config\Cache), false)
 6 FCPATH\index.php(79): CodeIgniter\CodeIgniter->run()
CRITICAL - 2026-06-08 13:14:26 --> mysqli_sql_exception: Unknown column 'c.idUsuario' in 'on clause'
in APPPATH\Models\ServicioDashboard.php on line 31.
 1 APPPATH\Models\ServicioDashboard.php(31): mysqli->next_result()
 2 APPPATH\Controllers\Dashboard.php(65): App\Models\ServicioDashboard->obtenerReporteConsolidado('2026-01-01', '2026-01-30')
 3 SYSTEMPATH\CodeIgniter.php(941): App\Controllers\Dashboard->index()
 4 SYSTEMPATH\CodeIgniter.php(502): CodeIgniter\CodeIgniter->runController(Object(App\Controllers\Dashboard))
 5 SYSTEMPATH\CodeIgniter.php(361): CodeIgniter\CodeIgniter->handleRequest(null, Object(Config\Cache), false)
 6 FCPATH\index.php(79): CodeIgniter\CodeIgniter->run()
CRITICAL - 2026-06-08 13:14:38 --> mysqli_sql_exception: Unknown column 'c.idUsuario' in 'on clause'
in APPPATH\Models\ServicioDashboard.php on line 31.
 1 APPPATH\Models\ServicioDashboard.php(31): mysqli->next_result()
 2 APPPATH\Controllers\Dashboard.php(65): App\Models\ServicioDashboard->obtenerReporteConsolidado('2026-01-01', '2026-01-30')
 3 SYSTEMPATH\CodeIgniter.php(941): App\Controllers\Dashboard->index()
 4 SYSTEMPATH\CodeIgniter.php(502): CodeIgniter\CodeIgniter->runController(Object(App\Controllers\Dashboard))
 5 SYSTEMPATH\CodeIgniter.php(361): CodeIgniter\CodeIgniter->handleRequest(null, Object(Config\Cache), false)
 6 FCPATH\index.php(79): CodeIgniter\CodeIgniter->run()
CRITICAL - 2026-06-08 13:15:03 --> mysqli_sql_exception: Unknown column 'c.idUsuario' in 'on clause'
in APPPATH\Models\ServicioDashboard.php on line 31.
 1 APPPATH\Models\ServicioDashboard.php(31): mysqli->next_result()
 2 APPPATH\Controllers\Dashboard.php(65): App\Models\ServicioDashboard->obtenerReporteConsolidado('2026-01-01', '2026-01-30')
 3 SYSTEMPATH\CodeIgniter.php(941): App\Controllers\Dashboard->index()
 4 SYSTEMPATH\CodeIgniter.php(502): CodeIgniter\CodeIgniter->runController(Object(App\Controllers\Dashboard))
 5 SYSTEMPATH\CodeIgniter.php(361): CodeIgniter\CodeIgniter->handleRequest(null, Object(Config\Cache), false)
 6 FCPATH\index.php(79): CodeIgniter\CodeIgniter->run()
CRITICAL - 2026-06-08 13:15:06 --> mysqli_sql_exception: Unknown column 'c.idUsuario' in 'on clause'
in APPPATH\Models\ServicioDashboard.php on line 31.
 1 APPPATH\Models\ServicioDashboard.php(31): mysqli->next_result()
 2 APPPATH\Controllers\Dashboard.php(65): App\Models\ServicioDashboard->obtenerReporteConsolidado('2026-01-01', '2026-01-30')
 3 SYSTEMPATH\CodeIgniter.php(941): App\Controllers\Dashboard->index()
 4 SYSTEMPATH\CodeIgniter.php(502): CodeIgniter\CodeIgniter->runController(Object(App\Controllers\Dashboard))
 5 SYSTEMPATH\CodeIgniter.php(361): CodeIgniter\CodeIgniter->handleRequest(null, Object(Config\Cache), false)
 6 FCPATH\index.php(79): CodeIgniter\CodeIgniter->run()
CRITICAL - 2026-06-08 13:15:43 --> mysqli_sql_exception: Unknown column 'c.idUsuario' in 'on clause'
in APPPATH\Models\ServicioDashboard.php on line 31.
 1 APPPATH\Models\ServicioDashboard.php(31): mysqli->next_result()
 2 APPPATH\Controllers\Dashboard.php(65): App\Models\ServicioDashboard->obtenerReporteConsolidado('2026-01-01', '2026-01-30')
 3 SYSTEMPATH\CodeIgniter.php(941): App\Controllers\Dashboard->index()
 4 SYSTEMPATH\CodeIgniter.php(502): CodeIgniter\CodeIgniter->runController(Object(App\Controllers\Dashboard))
 5 SYSTEMPATH\CodeIgniter.php(361): CodeIgniter\CodeIgniter->handleRequest(null, Object(Config\Cache), false)
 6 FCPATH\index.php(79): CodeIgniter\CodeIgniter->run()
CRITICAL - 2026-06-08 13:18:34 --> mysqli_sql_exception: Unknown column 'u.idGenero' in 'on clause'
in APPPATH\Models\ServicioDashboard.php on line 31.
 1 APPPATH\Models\ServicioDashboard.php(31): mysqli->next_result()
 2 APPPATH\Controllers\Dashboard.php(65): App\Models\ServicioDashboard->obtenerReporteConsolidado('2026-01-01', '2026-01-30')
 3 SYSTEMPATH\CodeIgniter.php(941): App\Controllers\Dashboard->index()
 4 SYSTEMPATH\CodeIgniter.php(502): CodeIgniter\CodeIgniter->runController(Object(App\Controllers\Dashboard))
 5 SYSTEMPATH\CodeIgniter.php(361): CodeIgniter\CodeIgniter->handleRequest(null, Object(Config\Cache), false)
 6 FCPATH\index.php(79): CodeIgniter\CodeIgniter->run()
CRITICAL - 2026-06-08 13:23:09 --> mysqli_sql_exception: Unknown column 'dc.idArticulo' in 'on clause'
in SYSTEMPATH\Database\MySQLi\Connection.php on line 299.
 1 SYSTEMPATH\Database\MySQLi\Connection.php(299): mysqli->next_result()
 2 SYSTEMPATH\Database\BaseConnection.php(693): CodeIgniter\Database\MySQLi\Connection->execute('SELECT 1')
 3 SYSTEMPATH\Database\BaseConnection.php(607): CodeIgniter\Database\BaseConnection->simpleQuery('SELECT 1')
 4 APPPATH\Models\ServicioDashboard.php(33): CodeIgniter\Database\BaseConnection->query('SELECT 1')
 5 APPPATH\Controllers\Dashboard.php(65): App\Models\ServicioDashboard->obtenerReporteConsolidado('2026-01-01', '2026-01-30')
 6 SYSTEMPATH\CodeIgniter.php(941): App\Controllers\Dashboard->index()
 7 SYSTEMPATH\CodeIgniter.php(502): CodeIgniter\CodeIgniter->runController(Object(App\Controllers\Dashboard))
 8 SYSTEMPATH\CodeIgniter.php(361): CodeIgniter\CodeIgniter->handleRequest(null, Object(Config\Cache), false)
 9 FCPATH\index.php(79): CodeIgniter\CodeIgniter->run()
CRITICAL - 2026-06-08 13:23:16 --> mysqli_sql_exception: Unknown column 'dc.idArticulo' in 'on clause'
in SYSTEMPATH\Database\MySQLi\Connection.php on line 299.
 1 SYSTEMPATH\Database\MySQLi\Connection.php(299): mysqli->next_result()
 2 SYSTEMPATH\Database\BaseConnection.php(693): CodeIgniter\Database\MySQLi\Connection->execute('SELECT 1')
 3 SYSTEMPATH\Database\BaseConnection.php(607): CodeIgniter\Database\BaseConnection->simpleQuery('SELECT 1')
 4 APPPATH\Models\ServicioDashboard.php(33): CodeIgniter\Database\BaseConnection->query('SELECT 1')
 5 APPPATH\Controllers\Dashboard.php(65): App\Models\ServicioDashboard->obtenerReporteConsolidado('2026-01-01', '2026-01-30')
 6 SYSTEMPATH\CodeIgniter.php(941): App\Controllers\Dashboard->index()
 7 SYSTEMPATH\CodeIgniter.php(502): CodeIgniter\CodeIgniter->runController(Object(App\Controllers\Dashboard))
 8 SYSTEMPATH\CodeIgniter.php(361): CodeIgniter\CodeIgniter->handleRequest(null, Object(Config\Cache), false)
 9 FCPATH\index.php(79): CodeIgniter\CodeIgniter->run()
INFO - 2026-06-08 13:24:46 --> Session: Class initialized using 'CodeIgniter\Session\Handlers\FileHandler' driver.
INFO - 2026-06-08 13:34:55 --> Session: Class initialized using 'CodeIgniter\Session\Handlers\FileHandler' driver.
INFO - 2026-06-08 13:35:06 --> Session: Class initialized using 'CodeIgniter\Session\Handlers\FileHandler' driver.
INFO - 2026-06-08 13:35:30 --> Session: Class initialized using 'CodeIgniter\Session\Handlers\FileHandler' driver.
INFO - 2026-06-08 13:41:57 --> Session: Class initialized using 'CodeIgniter\Session\Handlers\FileHandler' driver.
INFO - 2026-06-08 13:42:08 --> Session: Class initialized using 'CodeIgniter\Session\Handlers\FileHandler' driver.
INFO - 2026-06-08 13:42:23 --> Session: Class initialized using 'CodeIgniter\Session\Handlers\FileHandler' driver.
INFO - 2026-06-08 13:42:32 --> Session: Class initialized using 'CodeIgniter\Session\Handlers\FileHandler' driver.
INFO - 2026-06-08 13:48:45 --> Session: Class initialized using 'CodeIgniter\Session\Handlers\FileHandler' driver.
INFO - 2026-06-08 13:48:57 --> Session: Class initialized using 'CodeIgniter\Session\Handlers\FileHandler' driver.
INFO - 2026-06-08 14:01:33 --> Session: Class initialized using 'CodeIgniter\Session\Handlers\FileHandler' driver.
INFO - 2026-06-08 14:01:42 --> Session: Class initialized using 'CodeIgniter\Session\Handlers\FileHandler' driver.
INFO - 2026-06-08 14:01:57 --> Session: Class initialized using 'CodeIgniter\Session\Handlers\FileHandler' driver.
INFO - 2026-06-08 14:02:03 --> Session: Class initialized using 'CodeIgniter\Session\Handlers\FileHandler' driver.
INFO - 2026-06-08 14:49:22 --> Session: Class initialized using 'CodeIgniter\Session\Handlers\FileHandler' driver.
INFO - 2026-06-08 14:49:34 --> Session: Class initialized using 'CodeIgniter\Session\Handlers\FileHandler' driver.
INFO - 2026-06-08 14:49:49 --> Session: Class initialized using 'CodeIgniter\Session\Handlers\FileHandler' driver.
INFO - 2026-06-08 14:50:09 --> Session: Class initialized using 'CodeIgniter\Session\Handlers\FileHandler' driver.
INFO - 2026-06-08 14:50:20 --> Session: Class initialized using 'CodeIgniter\Session\Handlers\FileHandler' driver.
INFO - 2026-06-08 14:52:02 --> Session: Class initialized using 'CodeIgniter\Session\Handlers\FileHandler' driver.
INFO - 2026-06-08 14:52:14 --> Session: Class initialized using 'CodeIgniter\Session\Handlers\FileHandler' driver.
INFO - 2026-06-08 14:52:21 --> Session: Class initialized using 'CodeIgniter\Session\Handlers\FileHandler' driver.
INFO - 2026-06-08 14:53:06 --> Session: Class initialized using 'CodeIgniter\Session\Handlers\FileHandler' driver.
INFO - 2026-06-08 14:53:12 --> Session: Class initialized using 'CodeIgniter\Session\Handlers\FileHandler' driver.
INFO - 2026-06-08 14:53:25 --> Session: Class initialized using 'CodeIgniter\Session\Handlers\FileHandler' driver.
INFO - 2026-06-08 14:53:44 --> Session: Class initialized using 'CodeIgniter\Session\Handlers\FileHandler' driver.
INFO - 2026-06-08 14:53:53 --> Session: Class initialized using 'CodeIgniter\Session\Handlers\FileHandler' driver.
INFO - 2026-06-08 14:53:58 --> Session: Class initialized using 'CodeIgniter\Session\Handlers\FileHandler' driver.
INFO - 2026-06-08 14:54:04 --> Session: Class initialized using 'CodeIgniter\Session\Handlers\FileHandler' driver.
INFO - 2026-06-08 15:01:29 --> Session: Class initialized using 'CodeIgniter\Session\Handlers\FileHandler' driver.
INFO - 2026-06-08 15:01:36 --> Session: Class initialized using 'CodeIgniter\Session\Handlers\FileHandler' driver.
INFO - 2026-06-08 15:01:39 --> Session: Class initialized using 'CodeIgniter\Session\Handlers\FileHandler' driver.
INFO - 2026-06-08 15:01:43 --> Session: Class initialized using 'CodeIgniter\Session\Handlers\FileHandler' driver.
INFO - 2026-06-08 15:05:02 --> Session: Class initialized using 'CodeIgniter\Session\Handlers\FileHandler' driver.
INFO - 2026-06-08 15:05:08 --> Session: Class initialized using 'CodeIgniter\Session\Handlers\FileHandler' driver.
INFO - 2026-06-08 15:05:12 --> Session: Class initialized using 'CodeIgniter\Session\Handlers\FileHandler' driver.
INFO - 2026-06-08 15:05:25 --> Session: Class initialized using 'CodeIgniter\Session\Handlers\FileHandler' driver.
INFO - 2026-06-08 15:05:33 --> Session: Class initialized using 'CodeIgniter\Session\Handlers\FileHandler' driver.
INFO - 2026-06-08 15:05:40 --> Session: Class initialized using 'CodeIgniter\Session\Handlers\FileHandler' driver.
INFO - 2026-06-08 15:05:52 --> Session: Class initialized using 'CodeIgniter\Session\Handlers\FileHandler' driver.
INFO - 2026-06-08 15:05:57 --> Session: Class initialized using 'CodeIgniter\Session\Handlers\FileHandler' driver.
INFO - 2026-06-08 15:07:26 --> Session: Class initialized using 'CodeIgniter\Session\Handlers\FileHandler' driver.
INFO - 2026-06-08 15:07:32 --> Session: Class initialized using 'CodeIgniter\Session\Handlers\FileHandler' driver.
INFO - 2026-06-08 15:07:37 --> Session: Class initialized using 'CodeIgniter\Session\Handlers\FileHandler' driver.
INFO - 2026-06-08 15:07:47 --> Session: Class initialized using 'CodeIgniter\Session\Handlers\FileHandler' driver.
INFO - 2026-06-08 15:08:01 --> Session: Class initialized using 'CodeIgniter\Session\Handlers\FileHandler' driver.
INFO - 2026-06-08 15:08:12 --> Session: Class initialized using 'CodeIgniter\Session\Handlers\FileHandler' driver.
INFO - 2026-06-08 15:08:55 --> Session: Class initialized using 'CodeIgniter\Session\Handlers\FileHandler' driver.
INFO - 2026-06-08 15:08:58 --> Session: Class initialized using 'CodeIgniter\Session\Handlers\FileHandler' driver.
INFO - 2026-06-08 15:08:58 --> Session: Class initialized using 'CodeIgniter\Session\Handlers\FileHandler' driver.
ERROR - 2026-06-08 19:35:49 --> Error connecting to the database: Error: Class "SQLite3" not found in C:\xampp\htdocs\digibook\system\Database\SQLite3\Connection.php:89
Stack trace:
#0 C:\xampp\htdocs\digibook\system\Database\BaseConnection.php(392): CodeIgniter\Database\SQLite3\Connection->connect(false)
#1 C:\xampp\htdocs\digibook\system\Database\SQLite3\Connection.php(59): CodeIgniter\Database\BaseConnection->initialize()
#2 C:\xampp\htdocs\digibook\system\Database\BaseConnection.php(575): CodeIgniter\Database\SQLite3\Connection->initialize()
#3 C:\xampp\htdocs\digibook\app\Models\ServicioDashboard.php(20): CodeIgniter\Database\BaseConnection->query('CALL sp_obtener...', Array)
#4 C:\xampp\htdocs\digibook\tests\app\Models\ServicioDashboardUnitTest.php(72): App\Models\ServicioDashboard->obtenerReporteConsolidado('2026-05-01', '2026-05-31')
#5 C:\xampp\htdocs\digibook\vendor\phpunit\phpunit\src\Framework\TestCase.php(1617): App\Models\ServicioDashboardUnitTest->testEscenario01_ProcesamientoDeReporteReal()
#6 C:\xampp\htdocs\digibook\vendor\phpunit\phpunit\src\Framework\TestCase.php(1223): PHPUnit\Framework\TestCase->runTest()
#7 C:\xampp\htdocs\digibook\vendor\phpunit\phpunit\src\Framework\TestResult.php(729): PHPUnit\Framework\TestCase->runBare()
#8 C:\xampp\htdocs\digibook\vendor\phpunit\phpunit\src\Framework\TestCase.php(973): PHPUnit\Framework\TestResult->run(Object(App\Models\ServicioDashboardUnitTest))
#9 C:\xampp\htdocs\digibook\vendor\phpunit\phpunit\src\Framework\TestSuite.php(685): PHPUnit\Framework\TestCase->run(Object(PHPUnit\Framework\TestResult))
#10 C:\xampp\htdocs\digibook\vendor\phpunit\phpunit\src\TextUI\TestRunner.php(651): PHPUnit\Framework\TestSuite->run(Object(PHPUnit\Framework\TestResult))
#11 C:\xampp\htdocs\digibook\vendor\phpunit\phpunit\src\TextUI\Command.php(146): PHPUnit\TextUI\TestRunner->run(Object(PHPUnit\Framework\TestSuite), Array, Array, true)
#12 C:\xampp\htdocs\digibook\vendor\phpunit\phpunit\src\TextUI\Command.php(99): PHPUnit\TextUI\Command->run(Array, true)
#13 C:\xampp\htdocs\digibook\vendor\phpunit\phpunit\phpunit(107): PHPUnit\TextUI\Command::main()
#14 C:\xampp\htdocs\digibook\vendor\bin\phpunit(122): include('C:\\xampp\\htdocs...')
#15 {main}
INFO - 2026-06-08 22:53:29 --> Session: Class initialized using 'CodeIgniter\Session\Handlers\FileHandler' driver.
ERROR - 2026-06-08 23:22:36 --> mysqli_sql_exception: Unknown column 'u.sexo' in 'field list' in C:\xampp\htdocs\digibook\system\Database\MySQLi\Connection.php:306
Stack trace:
#0 C:\xampp\htdocs\digibook\system\Database\MySQLi\Connection.php(306): mysqli->query('SELECT u.sexo A...', 0)
#1 C:\xampp\htdocs\digibook\system\Database\BaseConnection.php(693): CodeIgniter\Database\MySQLi\Connection->execute('SELECT u.sexo A...')
#2 C:\xampp\htdocs\digibook\system\Database\BaseConnection.php(607): CodeIgniter\Database\BaseConnection->simpleQuery('SELECT u.sexo A...')
#3 C:\xampp\htdocs\digibook\app\Models\ServicioDashboard.php(51): CodeIgniter\Database\BaseConnection->query('SELECT u.sexo A...', Array)
#4 C:\xampp\htdocs\digibook\app\Models\ServicioDashboard.php(37): App\Models\ServicioDashboard->obtenerDemografiaAuxiliar(Object(CodeIgniter\Database\MySQLi\Connection), '2026-05-09', '2026-06-08')
#5 C:\xampp\htdocs\digibook\app\Controllers\Dashboard.php(63): App\Models\ServicioDashboard->obtenerReporteConsolidado('2026-05-09', '2026-06-08')
#6 C:\xampp\htdocs\digibook\system\CodeIgniter.php(941): App\Controllers\Dashboard->index()
#7 C:\xampp\htdocs\digibook\system\CodeIgniter.php(502): CodeIgniter\CodeIgniter->runController(Object(App\Controllers\Dashboard))
#8 C:\xampp\htdocs\digibook\system\CodeIgniter.php(361): CodeIgniter\CodeIgniter->handleRequest(NULL, Object(Config\Cache), false)
#9 C:\xampp\htdocs\digibook\index.php(79): CodeIgniter\CodeIgniter->run()
#10 {main}
CRITICAL - 2026-06-08 23:22:36 --> CodeIgniter\Database\Exceptions\DatabaseException: Unknown column 'u.sexo' in 'field list'
in SYSTEMPATH\Database\BaseConnection.php on line 647.
 1 APPPATH\Models\ServicioDashboard.php(51): CodeIgniter\Database\BaseConnection->query('SELECT u.sexo AS demografia FROM compra c 
                JOIN usuario u ON c.idUsuario = u.idUsuario 
                WHERE c.fecha BETWEEN ? AND ? 
                GROUP BY u.sexo ORDER BY COUNT(c.idCompra) DESC LIMIT 1', [...])
 2 APPPATH\Models\ServicioDashboard.php(37): App\Models\ServicioDashboard->obtenerDemografiaAuxiliar(Object(CodeIgniter\Database\MySQLi\Connection), '2026-05-09', '2026-06-08')
 3 APPPATH\Controllers\Dashboard.php(63): App\Models\ServicioDashboard->obtenerReporteConsolidado('2026-05-09', '2026-06-08')
 4 SYSTEMPATH\CodeIgniter.php(941): App\Controllers\Dashboard->index()
 5 SYSTEMPATH\CodeIgniter.php(502): CodeIgniter\CodeIgniter->runController(Object(App\Controllers\Dashboard))
 6 SYSTEMPATH\CodeIgniter.php(361): CodeIgniter\CodeIgniter->handleRequest(null, Object(Config\Cache), false)
 7 FCPATH\index.php(79): CodeIgniter\CodeIgniter->run()
CRITICAL - 2026-06-08 23:22:36 --> [Caused by] CodeIgniter\Database\Exceptions\DatabaseException: Unknown column 'u.sexo' in 'field list'
in SYSTEMPATH\Database\MySQLi\Connection.php on line 311.
 1 SYSTEMPATH\Database\BaseConnection.php(693): CodeIgniter\Database\MySQLi\Connection->execute('SELECT u.sexo AS demografia FROM compra c 
                JOIN usuario u ON c.idUsuario = u.idUsuario 
                WHERE c.fecha BETWEEN \'2026-05-09\' AND \'2026-06-08\' 
                GROUP BY u.sexo ORDER BY COUNT(c.idCompra) DESC LIMIT 1')
 2 SYSTEMPATH\Database\BaseConnection.php(607): CodeIgniter\Database\BaseConnection->simpleQuery('SELECT u.sexo AS demografia FROM compra c 
                JOIN usuario u ON c.idUsuario = u.idUsuario 
                WHERE c.fecha BETWEEN \'2026-05-09\' AND \'2026-06-08\' 
                GROUP BY u.sexo ORDER BY COUNT(c.idCompra) DESC LIMIT 1')
 3 APPPATH\Models\ServicioDashboard.php(51): CodeIgniter\Database\BaseConnection->query('SELECT u.sexo AS demografia FROM compra c 
                JOIN usuario u ON c.idUsuario = u.idUsuario 
                WHERE c.fecha BETWEEN ? AND ? 
                GROUP BY u.sexo ORDER BY COUNT(c.idCompra) DESC LIMIT 1', [...])
 4 APPPATH\Models\ServicioDashboard.php(37): App\Models\ServicioDashboard->obtenerDemografiaAuxiliar(Object(CodeIgniter\Database\MySQLi\Connection), '2026-05-09', '2026-06-08')
 5 APPPATH\Controllers\Dashboard.php(63): App\Models\ServicioDashboard->obtenerReporteConsolidado('2026-05-09', '2026-06-08')
 6 SYSTEMPATH\CodeIgniter.php(941): App\Controllers\Dashboard->index()
 7 SYSTEMPATH\CodeIgniter.php(502): CodeIgniter\CodeIgniter->runController(Object(App\Controllers\Dashboard))
 8 SYSTEMPATH\CodeIgniter.php(361): CodeIgniter\CodeIgniter->handleRequest(null, Object(Config\Cache), false)
 9 FCPATH\index.php(79): CodeIgniter\CodeIgniter->run()
CRITICAL - 2026-06-08 23:22:36 --> [Caused by] mysqli_sql_exception: Unknown column 'u.sexo' in 'field list'
in SYSTEMPATH\Database\MySQLi\Connection.php on line 306.
 1 SYSTEMPATH\Database\MySQLi\Connection.php(306): mysqli->query('SELECT u.sexo AS demografia FROM compra c 
                JOIN usuario u ON c.idUsuario = u.idUsuario 
                WHERE c.fecha BETWEEN \'2026-05-09\' AND \'2026-06-08\' 
                GROUP BY u.sexo ORDER BY COUNT(c.idCompra) DESC LIMIT 1', 0)
 2 SYSTEMPATH\Database\BaseConnection.php(693): CodeIgniter\Database\MySQLi\Connection->execute('SELECT u.sexo AS demografia FROM compra c 
                JOIN usuario u ON c.idUsuario = u.idUsuario 
                WHERE c.fecha BETWEEN \'2026-05-09\' AND \'2026-06-08\' 
                GROUP BY u.sexo ORDER BY COUNT(c.idCompra) DESC LIMIT 1')
 3 SYSTEMPATH\Database\BaseConnection.php(607): CodeIgniter\Database\BaseConnection->simpleQuery('SELECT u.sexo AS demografia FROM compra c 
                JOIN usuario u ON c.idUsuario = u.idUsuario 
                WHERE c.fecha BETWEEN \'2026-05-09\' AND \'2026-06-08\' 
                GROUP BY u.sexo ORDER BY COUNT(c.idCompra) DESC LIMIT 1')
 4 APPPATH\Models\ServicioDashboard.php(51): CodeIgniter\Database\BaseConnection->query('SELECT u.sexo AS demografia FROM compra c 
                JOIN usuario u ON c.idUsuario = u.idUsuario 
                WHERE c.fecha BETWEEN ? AND ? 
                GROUP BY u.sexo ORDER BY COUNT(c.idCompra) DESC LIMIT 1', [...])
 5 APPPATH\Models\ServicioDashboard.php(37): App\Models\ServicioDashboard->obtenerDemografiaAuxiliar(Object(CodeIgniter\Database\MySQLi\Connection), '2026-05-09', '2026-06-08')
 6 APPPATH\Controllers\Dashboard.php(63): App\Models\ServicioDashboard->obtenerReporteConsolidado('2026-05-09', '2026-06-08')
 7 SYSTEMPATH\CodeIgniter.php(941): App\Controllers\Dashboard->index()
 8 SYSTEMPATH\CodeIgniter.php(502): CodeIgniter\CodeIgniter->runController(Object(App\Controllers\Dashboard))
 9 SYSTEMPATH\CodeIgniter.php(361): CodeIgniter\CodeIgniter->handleRequest(null, Object(Config\Cache), false)
10 FCPATH\index.php(79): CodeIgniter\CodeIgniter->run()
ERROR - 2026-06-08 23:23:56 --> mysqli_sql_exception: Unknown column 'c.idUsuario' in 'on clause' in C:\xampp\htdocs\digibook\system\Database\MySQLi\Connection.php:306
Stack trace:
#0 C:\xampp\htdocs\digibook\system\Database\MySQLi\Connection.php(306): mysqli->query('SELECT u.genero...', 0)
#1 C:\xampp\htdocs\digibook\system\Database\BaseConnection.php(693): CodeIgniter\Database\MySQLi\Connection->execute('SELECT u.genero...')
#2 C:\xampp\htdocs\digibook\system\Database\BaseConnection.php(607): CodeIgniter\Database\BaseConnection->simpleQuery('SELECT u.genero...')
#3 C:\xampp\htdocs\digibook\app\Models\ServicioDashboard.php(51): CodeIgniter\Database\BaseConnection->query('SELECT u.genero...', Array)
#4 C:\xampp\htdocs\digibook\app\Models\ServicioDashboard.php(37): App\Models\ServicioDashboard->obtenerDemografiaAuxiliar(Object(CodeIgniter\Database\MySQLi\Connection), '2026-05-09', '2026-06-08')
#5 C:\xampp\htdocs\digibook\app\Controllers\Dashboard.php(63): App\Models\ServicioDashboard->obtenerReporteConsolidado('2026-05-09', '2026-06-08')
#6 C:\xampp\htdocs\digibook\system\CodeIgniter.php(941): App\Controllers\Dashboard->index()
#7 C:\xampp\htdocs\digibook\system\CodeIgniter.php(502): CodeIgniter\CodeIgniter->runController(Object(App\Controllers\Dashboard))
#8 C:\xampp\htdocs\digibook\system\CodeIgniter.php(361): CodeIgniter\CodeIgniter->handleRequest(NULL, Object(Config\Cache), false)
#9 C:\xampp\htdocs\digibook\index.php(79): CodeIgniter\CodeIgniter->run()
#10 {main}
CRITICAL - 2026-06-08 23:23:56 --> CodeIgniter\Database\Exceptions\DatabaseException: Unknown column 'c.idUsuario' in 'on clause'
in SYSTEMPATH\Database\BaseConnection.php on line 647.
 1 APPPATH\Models\ServicioDashboard.php(51): CodeIgniter\Database\BaseConnection->query('SELECT u.genero AS demografia FROM compra c 
                JOIN usuario u ON c.idUsuario = u.idUsuario 
                WHERE c.fecha BETWEEN ? AND ? 
                GROUP BY u.genero ORDER BY COUNT(c.idCompra) DESC LIMIT 1', [...])
 2 APPPATH\Models\ServicioDashboard.php(37): App\Models\ServicioDashboard->obtenerDemografiaAuxiliar(Object(CodeIgniter\Database\MySQLi\Connection), '2026-05-09', '2026-06-08')
 3 APPPATH\Controllers\Dashboard.php(63): App\Models\ServicioDashboard->obtenerReporteConsolidado('2026-05-09', '2026-06-08')
 4 SYSTEMPATH\CodeIgniter.php(941): App\Controllers\Dashboard->index()
 5 SYSTEMPATH\CodeIgniter.php(502): CodeIgniter\CodeIgniter->runController(Object(App\Controllers\Dashboard))
 6 SYSTEMPATH\CodeIgniter.php(361): CodeIgniter\CodeIgniter->handleRequest(null, Object(Config\Cache), false)
 7 FCPATH\index.php(79): CodeIgniter\CodeIgniter->run()
CRITICAL - 2026-06-08 23:23:56 --> [Caused by] CodeIgniter\Database\Exceptions\DatabaseException: Unknown column 'c.idUsuario' in 'on clause'
in SYSTEMPATH\Database\MySQLi\Connection.php on line 311.
 1 SYSTEMPATH\Database\BaseConnection.php(693): CodeIgniter\Database\MySQLi\Connection->execute('SELECT u.genero AS demografia FROM compra c 
                JOIN usuario u ON c.idUsuario = u.idUsuario 
                WHERE c.fecha BETWEEN \'2026-05-09\' AND \'2026-06-08\' 
                GROUP BY u.genero ORDER BY COUNT(c.idCompra) DESC LIMIT 1')
 2 SYSTEMPATH\Database\BaseConnection.php(607): CodeIgniter\Database\BaseConnection->simpleQuery('SELECT u.genero AS demografia FROM compra c 
                JOIN usuario u ON c.idUsuario = u.idUsuario 
                WHERE c.fecha BETWEEN \'2026-05-09\' AND \'2026-06-08\' 
                GROUP BY u.genero ORDER BY COUNT(c.idCompra) DESC LIMIT 1')
 3 APPPATH\Models\ServicioDashboard.php(51): CodeIgniter\Database\BaseConnection->query('SELECT u.genero AS demografia FROM compra c 
                JOIN usuario u ON c.idUsuario = u.idUsuario 
                WHERE c.fecha BETWEEN ? AND ? 
                GROUP BY u.genero ORDER BY COUNT(c.idCompra) DESC LIMIT 1', [...])
 4 APPPATH\Models\ServicioDashboard.php(37): App\Models\ServicioDashboard->obtenerDemografiaAuxiliar(Object(CodeIgniter\Database\MySQLi\Connection), '2026-05-09', '2026-06-08')
 5 APPPATH\Controllers\Dashboard.php(63): App\Models\ServicioDashboard->obtenerReporteConsolidado('2026-05-09', '2026-06-08')
 6 SYSTEMPATH\CodeIgniter.php(941): App\Controllers\Dashboard->index()
 7 SYSTEMPATH\CodeIgniter.php(502): CodeIgniter\CodeIgniter->runController(Object(App\Controllers\Dashboard))
 8 SYSTEMPATH\CodeIgniter.php(361): CodeIgniter\CodeIgniter->handleRequest(null, Object(Config\Cache), false)
 9 FCPATH\index.php(79): CodeIgniter\CodeIgniter->run()
CRITICAL - 2026-06-08 23:23:56 --> [Caused by] mysqli_sql_exception: Unknown column 'c.idUsuario' in 'on clause'
in SYSTEMPATH\Database\MySQLi\Connection.php on line 306.
 1 SYSTEMPATH\Database\MySQLi\Connection.php(306): mysqli->query('SELECT u.genero AS demografia FROM compra c 
                JOIN usuario u ON c.idUsuario = u.idUsuario 
                WHERE c.fecha BETWEEN \'2026-05-09\' AND \'2026-06-08\' 
                GROUP BY u.genero ORDER BY COUNT(c.idCompra) DESC LIMIT 1', 0)
 2 SYSTEMPATH\Database\BaseConnection.php(693): CodeIgniter\Database\MySQLi\Connection->execute('SELECT u.genero AS demografia FROM compra c 
                JOIN usuario u ON c.idUsuario = u.idUsuario 
                WHERE c.fecha BETWEEN \'2026-05-09\' AND \'2026-06-08\' 
                GROUP BY u.genero ORDER BY COUNT(c.idCompra) DESC LIMIT 1')
 3 SYSTEMPATH\Database\BaseConnection.php(607): CodeIgniter\Database\BaseConnection->simpleQuery('SELECT u.genero AS demografia FROM compra c 
                JOIN usuario u ON c.idUsuario = u.idUsuario 
                WHERE c.fecha BETWEEN \'2026-05-09\' AND \'2026-06-08\' 
                GROUP BY u.genero ORDER BY COUNT(c.idCompra) DESC LIMIT 1')
 4 APPPATH\Models\ServicioDashboard.php(51): CodeIgniter\Database\BaseConnection->query('SELECT u.genero AS demografia FROM compra c 
                JOIN usuario u ON c.idUsuario = u.idUsuario 
                WHERE c.fecha BETWEEN ? AND ? 
                GROUP BY u.genero ORDER BY COUNT(c.idCompra) DESC LIMIT 1', [...])
 5 APPPATH\Models\ServicioDashboard.php(37): App\Models\ServicioDashboard->obtenerDemografiaAuxiliar(Object(CodeIgniter\Database\MySQLi\Connection), '2026-05-09', '2026-06-08')
 6 APPPATH\Controllers\Dashboard.php(63): App\Models\ServicioDashboard->obtenerReporteConsolidado('2026-05-09', '2026-06-08')
 7 SYSTEMPATH\CodeIgniter.php(941): App\Controllers\Dashboard->index()
 8 SYSTEMPATH\CodeIgniter.php(502): CodeIgniter\CodeIgniter->runController(Object(App\Controllers\Dashboard))
 9 SYSTEMPATH\CodeIgniter.php(361): CodeIgniter\CodeIgniter->handleRequest(null, Object(Config\Cache), false)
10 FCPATH\index.php(79): CodeIgniter\CodeIgniter->run()
ERROR - 2026-06-08 23:24:37 --> mysqli_sql_exception: Unknown column 'dc.cantidad' in 'order clause' in C:\xampp\htdocs\digibook\system\Database\MySQLi\Connection.php:306
Stack trace:
#0 C:\xampp\htdocs\digibook\system\Database\MySQLi\Connection.php(306): mysqli->query('SELECT g.nombre...', 0)
#1 C:\xampp\htdocs\digibook\system\Database\BaseConnection.php(693): CodeIgniter\Database\MySQLi\Connection->execute('SELECT g.nombre...')
#2 C:\xampp\htdocs\digibook\system\Database\BaseConnection.php(607): CodeIgniter\Database\BaseConnection->simpleQuery('SELECT g.nombre...')
#3 C:\xampp\htdocs\digibook\app\Models\ServicioDashboard.php(64): CodeIgniter\Database\BaseConnection->query('SELECT g.nombre...', Array)
#4 C:\xampp\htdocs\digibook\app\Models\ServicioDashboard.php(38): App\Models\ServicioDashboard->obtenerTendenciasAuxiliar(Object(CodeIgniter\Database\MySQLi\Connection), '2026-05-09', '2026-06-08')
#5 C:\xampp\htdocs\digibook\app\Controllers\Dashboard.php(63): App\Models\ServicioDashboard->obtenerReporteConsolidado('2026-05-09', '2026-06-08')
#6 C:\xampp\htdocs\digibook\system\CodeIgniter.php(941): App\Controllers\Dashboard->index()
#7 C:\xampp\htdocs\digibook\system\CodeIgniter.php(502): CodeIgniter\CodeIgniter->runController(Object(App\Controllers\Dashboard))
#8 C:\xampp\htdocs\digibook\system\CodeIgniter.php(361): CodeIgniter\CodeIgniter->handleRequest(NULL, Object(Config\Cache), false)
#9 C:\xampp\htdocs\digibook\index.php(79): CodeIgniter\CodeIgniter->run()
#10 {main}
CRITICAL - 2026-06-08 23:24:37 --> CodeIgniter\Database\Exceptions\DatabaseException: Unknown column 'dc.cantidad' in 'order clause'
in SYSTEMPATH\Database\BaseConnection.php on line 647.
 1 APPPATH\Models\ServicioDashboard.php(64): CodeIgniter\Database\BaseConnection->query('SELECT g.nombre AS genero_libro FROM compra c
                JOIN detallescompra dc ON c.idCompra = dc.idCompra
                JOIN articulo a ON dc.idLibro = a.idLibro
                JOIN genero g ON a.idGenero = g.idGenero
                WHERE c.fecha BETWEEN ? AND ?
                GROUP BY g.idGenero, g.nombre ORDER BY SUM(dc.cantidad) DESC LIMIT 3', [...])
 2 APPPATH\Models\ServicioDashboard.php(38): App\Models\ServicioDashboard->obtenerTendenciasAuxiliar(Object(CodeIgniter\Database\MySQLi\Connection), '2026-05-09', '2026-06-08')
 3 APPPATH\Controllers\Dashboard.php(63): App\Models\ServicioDashboard->obtenerReporteConsolidado('2026-05-09', '2026-06-08')
 4 SYSTEMPATH\CodeIgniter.php(941): App\Controllers\Dashboard->index()
 5 SYSTEMPATH\CodeIgniter.php(502): CodeIgniter\CodeIgniter->runController(Object(App\Controllers\Dashboard))
 6 SYSTEMPATH\CodeIgniter.php(361): CodeIgniter\CodeIgniter->handleRequest(null, Object(Config\Cache), false)
 7 FCPATH\index.php(79): CodeIgniter\CodeIgniter->run()
CRITICAL - 2026-06-08 23:24:37 --> [Caused by] CodeIgniter\Database\Exceptions\DatabaseException: Unknown column 'dc.cantidad' in 'order clause'
in SYSTEMPATH\Database\MySQLi\Connection.php on line 311.
 1 SYSTEMPATH\Database\BaseConnection.php(693): CodeIgniter\Database\MySQLi\Connection->execute('SELECT g.nombre AS genero_libro FROM compra c
                JOIN detallescompra dc ON c.idCompra = dc.idCompra
                JOIN articulo a ON dc.idLibro = a.idLibro
                JOIN genero g ON a.idGenero = g.idGenero
                WHERE c.fecha BETWEEN \'2026-05-09\' AND \'2026-06-08\'
                GROUP BY g.idGenero, g.nombre ORDER BY SUM(dc.cantidad) DESC LIMIT 3')
 2 SYSTEMPATH\Database\BaseConnection.php(607): CodeIgniter\Database\BaseConnection->simpleQuery('SELECT g.nombre AS genero_libro FROM compra c
                JOIN detallescompra dc ON c.idCompra = dc.idCompra
                JOIN articulo a ON dc.idLibro = a.idLibro
                JOIN genero g ON a.idGenero = g.idGenero
                WHERE c.fecha BETWEEN \'2026-05-09\' AND \'2026-06-08\'
                GROUP BY g.idGenero, g.nombre ORDER BY SUM(dc.cantidad) DESC LIMIT 3')
 3 APPPATH\Models\ServicioDashboard.php(64): CodeIgniter\Database\BaseConnection->query('SELECT g.nombre AS genero_libro FROM compra c
                JOIN detallescompra dc ON c.idCompra = dc.idCompra
                JOIN articulo a ON dc.idLibro = a.idLibro
                JOIN genero g ON a.idGenero = g.idGenero
                WHERE c.fecha BETWEEN ? AND ?
                GROUP BY g.idGenero, g.nombre ORDER BY SUM(dc.cantidad) DESC LIMIT 3', [...])
 4 APPPATH\Models\ServicioDashboard.php(38): App\Models\ServicioDashboard->obtenerTendenciasAuxiliar(Object(CodeIgniter\Database\MySQLi\Connection), '2026-05-09', '2026-06-08')
 5 APPPATH\Controllers\Dashboard.php(63): App\Models\ServicioDashboard->obtenerReporteConsolidado('2026-05-09', '2026-06-08')
 6 SYSTEMPATH\CodeIgniter.php(941): App\Controllers\Dashboard->index()
 7 SYSTEMPATH\CodeIgniter.php(502): CodeIgniter\CodeIgniter->runController(Object(App\Controllers\Dashboard))
 8 SYSTEMPATH\CodeIgniter.php(361): CodeIgniter\CodeIgniter->handleRequest(null, Object(Config\Cache), false)
 9 FCPATH\index.php(79): CodeIgniter\CodeIgniter->run()
CRITICAL - 2026-06-08 23:24:37 --> [Caused by] mysqli_sql_exception: Unknown column 'dc.cantidad' in 'order clause'
in SYSTEMPATH\Database\MySQLi\Connection.php on line 306.
 1 SYSTEMPATH\Database\MySQLi\Connection.php(306): mysqli->query('SELECT g.nombre AS genero_libro FROM compra c
                JOIN detallescompra dc ON c.idCompra = dc.idCompra
                JOIN articulo a ON dc.idLibro = a.idLibro
                JOIN genero g ON a.idGenero = g.idGenero
                WHERE c.fecha BETWEEN \'2026-05-09\' AND \'2026-06-08\'
                GROUP BY g.idGenero, g.nombre ORDER BY SUM(dc.cantidad) DESC LIMIT 3', 0)
 2 SYSTEMPATH\Database\BaseConnection.php(693): CodeIgniter\Database\MySQLi\Connection->execute('SELECT g.nombre AS genero_libro FROM compra c
                JOIN detallescompra dc ON c.idCompra = dc.idCompra
                JOIN articulo a ON dc.idLibro = a.idLibro
                JOIN genero g ON a.idGenero = g.idGenero
                WHERE c.fecha BETWEEN \'2026-05-09\' AND \'2026-06-08\'
                GROUP BY g.idGenero, g.nombre ORDER BY SUM(dc.cantidad) DESC LIMIT 3')
 3 SYSTEMPATH\Database\BaseConnection.php(607): CodeIgniter\Database\BaseConnection->simpleQuery('SELECT g.nombre AS genero_libro FROM compra c
                JOIN detallescompra dc ON c.idCompra = dc.idCompra
                JOIN articulo a ON dc.idLibro = a.idLibro
                JOIN genero g ON a.idGenero = g.idGenero
                WHERE c.fecha BETWEEN \'2026-05-09\' AND \'2026-06-08\'
                GROUP BY g.idGenero, g.nombre ORDER BY SUM(dc.cantidad) DESC LIMIT 3')
 4 APPPATH\Models\ServicioDashboard.php(64): CodeIgniter\Database\BaseConnection->query('SELECT g.nombre AS genero_libro FROM compra c
                JOIN detallescompra dc ON c.idCompra = dc.idCompra
                JOIN articulo a ON dc.idLibro = a.idLibro
                JOIN genero g ON a.idGenero = g.idGenero
                WHERE c.fecha BETWEEN ? AND ?
                GROUP BY g.idGenero, g.nombre ORDER BY SUM(dc.cantidad) DESC LIMIT 3', [...])
 5 APPPATH\Models\ServicioDashboard.php(38): App\Models\ServicioDashboard->obtenerTendenciasAuxiliar(Object(CodeIgniter\Database\MySQLi\Connection), '2026-05-09', '2026-06-08')
 6 APPPATH\Controllers\Dashboard.php(63): App\Models\ServicioDashboard->obtenerReporteConsolidado('2026-05-09', '2026-06-08')
 7 SYSTEMPATH\CodeIgniter.php(941): App\Controllers\Dashboard->index()
 8 SYSTEMPATH\CodeIgniter.php(502): CodeIgniter\CodeIgniter->runController(Object(App\Controllers\Dashboard))
 9 SYSTEMPATH\CodeIgniter.php(361): CodeIgniter\CodeIgniter->handleRequest(null, Object(Config\Cache), false)
10 FCPATH\index.php(79): CodeIgniter\CodeIgniter->run()
INFO - 2026-06-08 23:25:38 --> Session: Class initialized using 'CodeIgniter\Session\Handlers\FileHandler' driver.
INFO - 2026-06-08 23:30:46 --> Session: Class initialized using 'CodeIgniter\Session\Handlers\FileHandler' driver.
INFO - 2026-06-08 23:30:56 --> Session: Class initialized using 'CodeIgniter\Session\Handlers\FileHandler' driver.
INFO - 2026-06-08 23:31:03 --> Session: Class initialized using 'CodeIgniter\Session\Handlers\FileHandler' driver.
INFO - 2026-06-08 23:31:10 --> Session: Class initialized using 'CodeIgniter\Session\Handlers\FileHandler' driver.
INFO - 2026-06-08 23:31:15 --> Session: Class initialized using 'CodeIgniter\Session\Handlers\FileHandler' driver.
INFO - 2026-06-08 23:31:18 --> Session: Class initialized using 'CodeIgniter\Session\Handlers\FileHandler' driver.
INFO - 2026-06-08 23:31:26 --> Session: Class initialized using 'CodeIgniter\Session\Handlers\FileHandler' driver.
INFO - 2026-06-08 23:31:36 --> Session: Class initialized using 'CodeIgniter\Session\Handlers\FileHandler' driver.
INFO - 2026-06-08 23:31:40 --> Session: Class initialized using 'CodeIgniter\Session\Handlers\FileHandler' driver.
INFO - 2026-06-08 23:31:50 --> Session: Class initialized using 'CodeIgniter\Session\Handlers\FileHandler' driver.
INFO - 2026-06-08 23:31:54 --> Session: Class initialized using 'CodeIgniter\Session\Handlers\FileHandler' driver.
INFO - 2026-06-08 23:32:00 --> Session: Class initialized using 'CodeIgniter\Session\Handlers\FileHandler' driver.
INFO - 2026-06-08 23:33:38 --> Session: Class initialized using 'CodeIgniter\Session\Handlers\FileHandler' driver.
INFO - 2026-06-08 23:33:53 --> Session: Class initialized using 'CodeIgniter\Session\Handlers\FileHandler' driver.
INFO - 2026-06-08 23:33:55 --> Session: Class initialized using 'CodeIgniter\Session\Handlers\FileHandler' driver.
INFO - 2026-06-08 23:34:01 --> Session: Class initialized using 'CodeIgniter\Session\Handlers\FileHandler' driver.
INFO - 2026-06-08 23:35:23 --> Session: Class initialized using 'CodeIgniter\Session\Handlers\FileHandler' driver.
