INFO - 2025-12-04 01:45:44 --> Session: Class initialized using 'CodeIgniter\Session\Handlers\FileHandler' driver.
INFO - 2025-12-04 01:45:44 --> Cart Class Initialized
INFO - 2025-12-04 01:45:47 --> Session: Class initialized using 'CodeIgniter\Session\Handlers\FileHandler' driver.
INFO - 2025-12-04 01:45:47 --> Cart Class Initialized
INFO - 2025-12-04 01:49:18 --> Session: Class initialized using 'CodeIgniter\Session\Handlers\FileHandler' driver.
INFO - 2025-12-04 01:49:23 --> Session: Class initialized using 'CodeIgniter\Session\Handlers\FileHandler' driver.
INFO - 2025-12-04 01:49:23 --> Cart Class Initialized
INFO - 2025-12-04 01:49:23 --> Session: Class initialized using 'CodeIgniter\Session\Handlers\FileHandler' driver.
INFO - 2025-12-04 01:49:23 --> Cart Class Initialized
INFO - 2025-12-04 15:37:28 --> Session: Class initialized using 'CodeIgniter\Session\Handlers\FileHandler' driver.
INFO - 2025-12-04 15:37:28 --> Cart Class Initialized
INFO - 2025-12-04 15:37:28 --> Session: Class initialized using 'CodeIgniter\Session\Handlers\FileHandler' driver.
INFO - 2025-12-04 15:37:28 --> Cart Class Initialized
INFO - 2025-12-04 15:37:34 --> Session: Class initialized using 'CodeIgniter\Session\Handlers\FileHandler' driver.
INFO - 2025-12-04 15:37:34 --> Cart Class Initialized
INFO - 2025-12-04 15:37:35 --> Session: Class initialized using 'CodeIgniter\Session\Handlers\FileHandler' driver.
INFO - 2025-12-04 15:37:35 --> Cart Class Initialized
INFO - 2025-12-04 19:32:21 --> Session: Class initialized using 'CodeIgniter\Session\Handlers\FileHandler' driver.
INFO - 2025-12-04 19:32:23 --> Session: Class initialized using 'CodeIgniter\Session\Handlers\FileHandler' driver.
INFO - 2025-12-04 19:32:23 --> Cart Class Initialized
INFO - 2025-12-04 19:33:26 --> Session: Class initialized using 'CodeIgniter\Session\Handlers\FileHandler' driver.
INFO - 2025-12-04 19:33:26 --> Cart Class Initialized
INFO - 2025-12-04 19:33:47 --> Session: Class initialized using 'CodeIgniter\Session\Handlers\FileHandler' driver.
INFO - 2025-12-04 19:33:47 --> Cart Class Initialized
INFO - 2025-12-04 19:33:47 --> Session: Class initialized using 'CodeIgniter\Session\Handlers\FileHandler' driver.
INFO - 2025-12-04 19:33:47 --> Cart Class Initialized
INFO - 2025-12-04 19:33:49 --> Session: Class initialized using 'CodeIgniter\Session\Handlers\FileHandler' driver.
INFO - 2025-12-04 19:33:49 --> Cart Class Initialized
INFO - 2025-12-04 19:33:50 --> Session: Class initialized using 'CodeIgniter\Session\Handlers\FileHandler' driver.
INFO - 2025-12-04 19:33:50 --> Cart Class Initialized
INFO - 2025-12-04 19:35:42 --> Session: Class initialized using 'CodeIgniter\Session\Handlers\FileHandler' driver.
INFO - 2025-12-04 19:35:44 --> Session: Class initialized using 'CodeIgniter\Session\Handlers\FileHandler' driver.
INFO - 2025-12-04 19:35:44 --> Cart Class Initialized
INFO - 2025-12-04 19:39:37 --> Session: Class initialized using 'CodeIgniter\Session\Handlers\FileHandler' driver.
INFO - 2025-12-04 19:39:37 --> Cart Class Initialized
INFO - 2025-12-04 19:39:51 --> Session: Class initialized using 'CodeIgniter\Session\Handlers\FileHandler' driver.
INFO - 2025-12-04 19:39:51 --> Cart Class Initialized
INFO - 2025-12-04 19:40:00 --> Session: Class initialized using 'CodeIgniter\Session\Handlers\FileHandler' driver.
INFO - 2025-12-04 19:40:00 --> Cart Class Initialized
INFO - 2025-12-04 19:40:07 --> Session: Class initialized using 'CodeIgniter\Session\Handlers\FileHandler' driver.
INFO - 2025-12-04 19:40:07 --> Cart Class Initialized
INFO - 2025-12-04 19:40:46 --> Session: Class initialized using 'CodeIgniter\Session\Handlers\FileHandler' driver.
INFO - 2025-12-04 19:40:46 --> Cart Class Initialized
INFO - 2025-12-04 19:40:48 --> Session: Class initialized using 'CodeIgniter\Session\Handlers\FileHandler' driver.
INFO - 2025-12-04 19:40:48 --> Cart Class Initialized
INFO - 2025-12-04 19:57:19 --> Session: Class initialized using 'CodeIgniter\Session\Handlers\FileHandler' driver.
INFO - 2025-12-04 19:57:21 --> Session: Class initialized using 'CodeIgniter\Session\Handlers\FileHandler' driver.
INFO - 2025-12-04 19:57:21 --> Cart Class Initialized
INFO - 2025-12-04 19:57:23 --> Session: Class initialized using 'CodeIgniter\Session\Handlers\FileHandler' driver.
INFO - 2025-12-04 19:57:24 --> Session: Class initialized using 'CodeIgniter\Session\Handlers\FileHandler' driver.
INFO - 2025-12-04 19:57:24 --> Cart Class Initialized
INFO - 2025-12-04 19:57:25 --> Session: Class initialized using 'CodeIgniter\Session\Handlers\FileHandler' driver.
INFO - 2025-12-04 19:57:25 --> Cart Class Initialized
INFO - 2025-12-04 19:57:35 --> Session: Class initialized using 'CodeIgniter\Session\Handlers\FileHandler' driver.
INFO - 2025-12-04 19:57:35 --> Cart Class Initialized
INFO - 2025-12-04 19:57:38 --> Session: Class initialized using 'CodeIgniter\Session\Handlers\FileHandler' driver.
INFO - 2025-12-04 19:57:38 --> Cart Class Initialized
INFO - 2025-12-04 19:57:40 --> Session: Class initialized using 'CodeIgniter\Session\Handlers\FileHandler' driver.
INFO - 2025-12-04 19:57:40 --> Cart Class Initialized
INFO - 2025-12-04 19:57:43 --> Session: Class initialized using 'CodeIgniter\Session\Handlers\FileHandler' driver.
INFO - 2025-12-04 19:57:43 --> Cart Class Initialized
INFO - 2025-12-04 19:57:47 --> Session: Class initialized using 'CodeIgniter\Session\Handlers\FileHandler' driver.
INFO - 2025-12-04 19:57:47 --> Cart Class Initialized
INFO - 2025-12-04 19:57:51 --> Session: Class initialized using 'CodeIgniter\Session\Handlers\FileHandler' driver.
INFO - 2025-12-04 19:57:51 --> Cart Class Initialized
INFO - 2025-12-04 19:57:52 --> Session: Class initialized using 'CodeIgniter\Session\Handlers\FileHandler' driver.
INFO - 2025-12-04 19:57:52 --> Cart Class Initialized
INFO - 2025-12-04 20:00:19 --> Session: Class initialized using 'CodeIgniter\Session\Handlers\FileHandler' driver.
INFO - 2025-12-04 20:00:20 --> Session: Class initialized using 'CodeIgniter\Session\Handlers\FileHandler' driver.
INFO - 2025-12-04 20:00:20 --> Cart Class Initialized
INFO - 2025-12-04 20:00:21 --> Session: Class initialized using 'CodeIgniter\Session\Handlers\FileHandler' driver.
INFO - 2025-12-04 20:00:21 --> Cart Class Initialized
INFO - 2025-12-04 20:01:31 --> Session: Class initialized using 'CodeIgniter\Session\Handlers\FileHandler' driver.
INFO - 2025-12-04 20:01:31 --> Cart Class Initialized
INFO - 2025-12-04 20:01:43 --> Session: Class initialized using 'CodeIgniter\Session\Handlers\FileHandler' driver.
INFO - 2025-12-04 20:01:43 --> Cart Class Initialized
INFO - 2025-12-04 20:01:48 --> Session: Class initialized using 'CodeIgniter\Session\Handlers\FileHandler' driver.
INFO - 2025-12-04 20:01:48 --> Cart Class Initialized
INFO - 2025-12-04 20:07:11 --> Session: Class initialized using 'CodeIgniter\Session\Handlers\FileHandler' driver.
INFO - 2025-12-04 20:07:13 --> Session: Class initialized using 'CodeIgniter\Session\Handlers\FileHandler' driver.
INFO - 2025-12-04 20:07:13 --> Cart Class Initialized
INFO - 2025-12-04 20:07:15 --> Session: Class initialized using 'CodeIgniter\Session\Handlers\FileHandler' driver.
INFO - 2025-12-04 20:07:15 --> Cart Class Initialized
INFO - 2025-12-04 20:07:15 --> Session: Class initialized using 'CodeIgniter\Session\Handlers\FileHandler' driver.
INFO - 2025-12-04 20:07:15 --> Cart Class Initialized
INFO - 2025-12-04 20:07:18 --> Session: Class initialized using 'CodeIgniter\Session\Handlers\FileHandler' driver.
INFO - 2025-12-04 20:07:18 --> Cart Class Initialized
INFO - 2025-12-04 20:07:18 --> Session: Class initialized using 'CodeIgniter\Session\Handlers\FileHandler' driver.
INFO - 2025-12-04 20:07:18 --> Cart Class Initialized
INFO - 2025-12-04 20:07:20 --> Session: Class initialized using 'CodeIgniter\Session\Handlers\FileHandler' driver.
INFO - 2025-12-04 20:07:20 --> Cart Class Initialized
INFO - 2025-12-04 20:07:20 --> Session: Class initialized using 'CodeIgniter\Session\Handlers\FileHandler' driver.
INFO - 2025-12-04 20:07:20 --> Cart Class Initialized
INFO - 2025-12-04 20:07:25 --> Session: Class initialized using 'CodeIgniter\Session\Handlers\FileHandler' driver.
INFO - 2025-12-04 20:07:28 --> Session: Class initialized using 'CodeIgniter\Session\Handlers\FileHandler' driver.
INFO - 2025-12-04 20:07:28 --> Cart Class Initialized
INFO - 2025-12-04 20:07:28 --> Session: Class initialized using 'CodeIgniter\Session\Handlers\FileHandler' driver.
INFO - 2025-12-04 20:07:28 --> Cart Class Initialized
INFO - 2025-12-04 20:07:38 --> Session: Class initialized using 'CodeIgniter\Session\Handlers\FileHandler' driver.
INFO - 2025-12-04 20:07:38 --> Cart Class Initialized
INFO - 2025-12-04 20:07:38 --> Session: Class initialized using 'CodeIgniter\Session\Handlers\FileHandler' driver.
INFO - 2025-12-04 20:07:38 --> Cart Class Initialized
INFO - 2025-12-04 20:07:40 --> Session: Class initialized using 'CodeIgniter\Session\Handlers\FileHandler' driver.
INFO - 2025-12-04 20:07:40 --> Cart Class Initialized
INFO - 2025-12-04 20:07:41 --> Session: Class initialized using 'CodeIgniter\Session\Handlers\FileHandler' driver.
INFO - 2025-12-04 20:07:41 --> Cart Class Initialized
INFO - 2025-12-04 20:12:18 --> Session: Class initialized using 'CodeIgniter\Session\Handlers\FileHandler' driver.
INFO - 2025-12-04 20:12:21 --> Session: Class initialized using 'CodeIgniter\Session\Handlers\FileHandler' driver.
INFO - 2025-12-04 20:12:21 --> Cart Class Initialized
INFO - 2025-12-04 20:12:24 --> Session: Class initialized using 'CodeIgniter\Session\Handlers\FileHandler' driver.
INFO - 2025-12-04 20:12:24 --> Cart Class Initialized
INFO - 2025-12-04 20:12:24 --> Session: Class initialized using 'CodeIgniter\Session\Handlers\FileHandler' driver.
INFO - 2025-12-04 20:12:24 --> Cart Class Initialized
INFO - 2025-12-04 20:12:27 --> Session: Class initialized using 'CodeIgniter\Session\Handlers\FileHandler' driver.
INFO - 2025-12-04 20:12:29 --> Session: Class initialized using 'CodeIgniter\Session\Handlers\FileHandler' driver.
INFO - 2025-12-04 20:12:29 --> Cart Class Initialized
INFO - 2025-12-04 20:12:29 --> Session: Class initialized using 'CodeIgniter\Session\Handlers\FileHandler' driver.
INFO - 2025-12-04 20:12:29 --> Cart Class Initialized
INFO - 2025-12-04 20:12:34 --> Session: Class initialized using 'CodeIgniter\Session\Handlers\FileHandler' driver.
INFO - 2025-12-04 20:12:34 --> Cart Class Initialized
INFO - 2025-12-04 20:12:34 --> Session: Class initialized using 'CodeIgniter\Session\Handlers\FileHandler' driver.
INFO - 2025-12-04 20:12:34 --> Cart Class Initialized
INFO - 2025-12-04 20:12:38 --> Session: Class initialized using 'CodeIgniter\Session\Handlers\FileHandler' driver.
INFO - 2025-12-04 20:12:38 --> Cart Class Initialized
INFO - 2025-12-04 20:12:38 --> Session: Class initialized using 'CodeIgniter\Session\Handlers\FileHandler' driver.
INFO - 2025-12-04 20:12:38 --> Cart Class Initialized
INFO - 2025-12-04 20:12:39 --> Session: Class initialized using 'CodeIgniter\Session\Handlers\FileHandler' driver.
INFO - 2025-12-04 20:12:39 --> Cart Class Initialized
INFO - 2025-12-04 20:12:50 --> Session: Class initialized using 'CodeIgniter\Session\Handlers\FileHandler' driver.
INFO - 2025-12-04 20:12:50 --> Cart Class Initialized
INFO - 2025-12-04 20:12:51 --> Session: Class initialized using 'CodeIgniter\Session\Handlers\FileHandler' driver.
INFO - 2025-12-04 20:22:46 --> Session: Class initialized using 'CodeIgniter\Session\Handlers\FileHandler' driver.
INFO - 2025-12-04 20:22:48 --> Session: Class initialized using 'CodeIgniter\Session\Handlers\FileHandler' driver.
INFO - 2025-12-04 20:22:48 --> Cart Class Initialized
INFO - 2025-12-04 20:22:50 --> Session: Class initialized using 'CodeIgniter\Session\Handlers\FileHandler' driver.
INFO - 2025-12-04 20:22:50 --> Cart Class Initialized
INFO - 2025-12-04 20:22:50 --> Session: Class initialized using 'CodeIgniter\Session\Handlers\FileHandler' driver.
INFO - 2025-12-04 20:22:50 --> Cart Class Initialized
INFO - 2025-12-04 20:22:52 --> Session: Class initialized using 'CodeIgniter\Session\Handlers\FileHandler' driver.
INFO - 2025-12-04 20:22:52 --> Cart Class Initialized
INFO - 2025-12-04 20:22:53 --> Session: Class initialized using 'CodeIgniter\Session\Handlers\FileHandler' driver.
INFO - 2025-12-04 20:22:53 --> Cart Class Initialized
INFO - 2025-12-04 20:22:55 --> Session: Class initialized using 'CodeIgniter\Session\Handlers\FileHandler' driver.
INFO - 2025-12-04 20:22:55 --> Cart Class Initialized
INFO - 2025-12-04 20:22:55 --> Session: Class initialized using 'CodeIgniter\Session\Handlers\FileHandler' driver.
INFO - 2025-12-04 20:22:55 --> Cart Class Initialized
INFO - 2025-12-04 20:22:59 --> Session: Class initialized using 'CodeIgniter\Session\Handlers\FileHandler' driver.
INFO - 2025-12-04 20:23:52 --> Session: Class initialized using 'CodeIgniter\Session\Handlers\FileHandler' driver.
INFO - 2025-12-04 20:23:52 --> Cart Class Initialized
INFO - 2025-12-04 20:23:54 --> Session: Class initialized using 'CodeIgniter\Session\Handlers\FileHandler' driver.
INFO - 2025-12-04 20:23:54 --> Cart Class Initialized
INFO - 2025-12-04 20:23:54 --> Session: Class initialized using 'CodeIgniter\Session\Handlers\FileHandler' driver.
INFO - 2025-12-04 20:23:54 --> Cart Class Initialized
INFO - 2025-12-04 20:24:06 --> Session: Class initialized using 'CodeIgniter\Session\Handlers\FileHandler' driver.
INFO - 2025-12-04 20:24:08 --> Session: Class initialized using 'CodeIgniter\Session\Handlers\FileHandler' driver.
INFO - 2025-12-04 20:24:08 --> Cart Class Initialized
INFO - 2025-12-04 20:24:10 --> Session: Class initialized using 'CodeIgniter\Session\Handlers\FileHandler' driver.
INFO - 2025-12-04 20:24:10 --> Cart Class Initialized
INFO - 2025-12-04 20:24:10 --> Session: Class initialized using 'CodeIgniter\Session\Handlers\FileHandler' driver.
INFO - 2025-12-04 20:24:10 --> Cart Class Initialized
INFO - 2025-12-04 20:25:07 --> Session: Class initialized using 'CodeIgniter\Session\Handlers\FileHandler' driver.
INFO - 2025-12-04 20:25:07 --> Cart Class Initialized
INFO - 2025-12-04 20:25:07 --> Session: Class initialized using 'CodeIgniter\Session\Handlers\FileHandler' driver.
INFO - 2025-12-04 20:25:07 --> Cart Class Initialized
INFO - 2025-12-04 20:25:41 --> Session: Class initialized using 'CodeIgniter\Session\Handlers\FileHandler' driver.
INFO - 2025-12-04 20:25:42 --> Session: Class initialized using 'CodeIgniter\Session\Handlers\FileHandler' driver.
INFO - 2025-12-04 20:25:42 --> Cart Class Initialized
INFO - 2025-12-04 20:25:44 --> Session: Class initialized using 'CodeIgniter\Session\Handlers\FileHandler' driver.
INFO - 2025-12-04 20:25:44 --> Cart Class Initialized
INFO - 2025-12-04 20:25:44 --> Session: Class initialized using 'CodeIgniter\Session\Handlers\FileHandler' driver.
INFO - 2025-12-04 20:25:44 --> Cart Class Initialized
INFO - 2025-12-04 20:25:48 --> Session: Class initialized using 'CodeIgniter\Session\Handlers\FileHandler' driver.
INFO - 2025-12-04 20:25:48 --> Cart Class Initialized
INFO - 2025-12-04 20:25:48 --> Session: Class initialized using 'CodeIgniter\Session\Handlers\FileHandler' driver.
INFO - 2025-12-04 20:25:48 --> Cart Class Initialized
INFO - 2025-12-04 20:25:50 --> Session: Class initialized using 'CodeIgniter\Session\Handlers\FileHandler' driver.
INFO - 2025-12-04 20:25:50 --> Cart Class Initialized
INFO - 2025-12-04 20:25:50 --> Session: Class initialized using 'CodeIgniter\Session\Handlers\FileHandler' driver.
INFO - 2025-12-04 20:25:50 --> Cart Class Initialized
INFO - 2025-12-04 20:25:51 --> Session: Class initialized using 'CodeIgniter\Session\Handlers\FileHandler' driver.
INFO - 2025-12-04 20:25:51 --> Cart Class Initialized
INFO - 2025-12-04 20:25:53 --> Session: Class initialized using 'CodeIgniter\Session\Handlers\FileHandler' driver.
INFO - 2025-12-04 20:26:54 --> Session: Class initialized using 'CodeIgniter\Session\Handlers\FileHandler' driver.
INFO - 2025-12-04 20:26:54 --> Cart Class Initialized
INFO - 2025-12-04 20:26:54 --> Session: Class initialized using 'CodeIgniter\Session\Handlers\FileHandler' driver.
INFO - 2025-12-04 20:26:54 --> Cart Class Initialized
INFO - 2025-12-04 20:26:59 --> Session: Class initialized using 'CodeIgniter\Session\Handlers\FileHandler' driver.
INFO - 2025-12-04 20:26:59 --> Cart Class Initialized
ERROR - 2025-12-04 20:27:03 --> Error connecting to the database: mysqli_sql_exception: No connection could be made because the target machine actively refused it in C:\xampp\htdocs\digibook\system\Database\MySQLi\Connection.php:184
Stack trace:
#0 C:\xampp\htdocs\digibook\system\Database\MySQLi\Connection.php(184): mysqli->real_connect('localhost', 'root', Object(SensitiveParameterValue), 'digibook2', 3306, '', 0)
#1 C:\xampp\htdocs\digibook\system\Database\BaseConnection.php(392): CodeIgniter\Database\MySQLi\Connection->connect(false)
#2 C:\xampp\htdocs\digibook\system\Database\BaseConnection.php(575): CodeIgniter\Database\BaseConnection->initialize()
#3 C:\xampp\htdocs\digibook\app\Models\CompraModel.php(26): CodeIgniter\Database\BaseConnection->query('CALL registrar_...', Array)
#4 C:\xampp\htdocs\digibook\app\Controllers\Compra.php(69): App\Models\CompraModel->registrarCompra(89655.0, '2025-12-04', 32837262, '[{"id":34,"qty"...')
#5 C:\xampp\htdocs\digibook\system\CodeIgniter.php(941): App\Controllers\Compra->controlarCompra()
#6 C:\xampp\htdocs\digibook\system\CodeIgniter.php(502): CodeIgniter\CodeIgniter->runController(Object(App\Controllers\Compra))
#7 C:\xampp\htdocs\digibook\system\CodeIgniter.php(361): CodeIgniter\CodeIgniter->handleRequest(NULL, Object(Config\Cache), false)
#8 C:\xampp\htdocs\digibook\index.php(79): CodeIgniter\CodeIgniter->run()
#9 {main}

Next CodeIgniter\Database\Exceptions\DatabaseException: No connection could be made because the target machine actively refused it in C:\xampp\htdocs\digibook\system\Database\MySQLi\Connection.php:229
Stack trace:
#0 C:\xampp\htdocs\digibook\system\Database\BaseConnection.php(392): CodeIgniter\Database\MySQLi\Connection->connect(false)
#1 C:\xampp\htdocs\digibook\system\Database\BaseConnection.php(575): CodeIgniter\Database\BaseConnection->initialize()
#2 C:\xampp\htdocs\digibook\app\Models\CompraModel.php(26): CodeIgniter\Database\BaseConnection->query('CALL registrar_...', Array)
#3 C:\xampp\htdocs\digibook\app\Controllers\Compra.php(69): App\Models\CompraModel->registrarCompra(89655.0, '2025-12-04', 32837262, '[{"id":34,"qty"...')
#4 C:\xampp\htdocs\digibook\system\CodeIgniter.php(941): App\Controllers\Compra->controlarCompra()
#5 C:\xampp\htdocs\digibook\system\CodeIgniter.php(502): CodeIgniter\CodeIgniter->runController(Object(App\Controllers\Compra))
#6 C:\xampp\htdocs\digibook\system\CodeIgniter.php(361): CodeIgniter\CodeIgniter->handleRequest(NULL, Object(Config\Cache), false)
#7 C:\xampp\htdocs\digibook\index.php(79): CodeIgniter\CodeIgniter->run()
#8 {main}
INFO - 2025-12-04 20:29:24 --> Session: Class initialized using 'CodeIgniter\Session\Handlers\FileHandler' driver.
INFO - 2025-12-04 20:29:24 --> Cart Class Initialized
INFO - 2025-12-04 20:29:27 --> Session: Class initialized using 'CodeIgniter\Session\Handlers\FileHandler' driver.
INFO - 2025-12-04 20:29:27 --> Cart Class Initialized
INFO - 2025-12-04 20:29:27 --> Session: Class initialized using 'CodeIgniter\Session\Handlers\FileHandler' driver.
INFO - 2025-12-04 20:29:27 --> Cart Class Initialized
INFO - 2025-12-04 20:29:29 --> Session: Class initialized using 'CodeIgniter\Session\Handlers\FileHandler' driver.
INFO - 2025-12-04 20:52:53 --> Session: Class initialized using 'CodeIgniter\Session\Handlers\FileHandler' driver.
INFO - 2025-12-04 20:52:57 --> Session: Class initialized using 'CodeIgniter\Session\Handlers\FileHandler' driver.
INFO - 2025-12-04 20:52:57 --> Session: Class initialized using 'CodeIgniter\Session\Handlers\FileHandler' driver.
INFO - 2025-12-04 20:58:48 --> Session: Class initialized using 'CodeIgniter\Session\Handlers\FileHandler' driver.
ERROR - 2025-12-04 20:58:53 --> Error connecting to the database: mysqli_sql_exception: No connection could be made because the target machine actively refused it in C:\xampp\htdocs\digibook\system\Database\MySQLi\Connection.php:184
Stack trace:
#0 C:\xampp\htdocs\digibook\system\Database\MySQLi\Connection.php(184): mysqli->real_connect('localhost', 'root', Object(SensitiveParameterValue), 'digibook2', 3306, '', 0)
#1 C:\xampp\htdocs\digibook\system\Database\BaseConnection.php(392): CodeIgniter\Database\MySQLi\Connection->connect(false)
#2 C:\xampp\htdocs\digibook\system\Database\BaseConnection.php(575): CodeIgniter\Database\BaseConnection->initialize()
#3 C:\xampp\htdocs\digibook\system\Database\BaseBuilder.php(1616): CodeIgniter\Database\BaseConnection->query('SELECT 1\nFROM `...', Array, false)
#4 C:\xampp\htdocs\digibook\system\Validation\StrictRules\Rules.php(227): CodeIgniter\Database\BaseBuilder->get()
#5 C:\xampp\htdocs\digibook\system\Validation\Validation.php(328): CodeIgniter\Validation\StrictRules\Rules->is_unique('La Bestia', 'titulo', Array, NULL, 'nombre_libro')
#6 C:\xampp\htdocs\digibook\system\Validation\Validation.php(200): CodeIgniter\Validation\Validation->processRules('nombre_libro', 'nombre_libro', 'La Bestia', Array, Array)
#7 C:\xampp\htdocs\digibook\app\Controllers\Articulo.php(71): CodeIgniter\Validation\Validation->run()
#8 C:\xampp\htdocs\digibook\system\CodeIgniter.php(941): App\Controllers\Articulo->validarDatos()
#9 C:\xampp\htdocs\digibook\system\CodeIgniter.php(502): CodeIgniter\CodeIgniter->runController(Object(App\Controllers\Articulo))
#10 C:\xampp\htdocs\digibook\system\CodeIgniter.php(361): CodeIgniter\CodeIgniter->handleRequest(NULL, Object(Config\Cache), false)
#11 C:\xampp\htdocs\digibook\index.php(79): CodeIgniter\CodeIgniter->run()
#12 {main}

Next CodeIgniter\Database\Exceptions\DatabaseException: No connection could be made because the target machine actively refused it in C:\xampp\htdocs\digibook\system\Database\MySQLi\Connection.php:229
Stack trace:
#0 C:\xampp\htdocs\digibook\system\Database\BaseConnection.php(392): CodeIgniter\Database\MySQLi\Connection->connect(false)
#1 C:\xampp\htdocs\digibook\system\Database\BaseConnection.php(575): CodeIgniter\Database\BaseConnection->initialize()
#2 C:\xampp\htdocs\digibook\system\Database\BaseBuilder.php(1616): CodeIgniter\Database\BaseConnection->query('SELECT 1\nFROM `...', Array, false)
#3 C:\xampp\htdocs\digibook\system\Validation\StrictRules\Rules.php(227): CodeIgniter\Database\BaseBuilder->get()
#4 C:\xampp\htdocs\digibook\system\Validation\Validation.php(328): CodeIgniter\Validation\StrictRules\Rules->is_unique('La Bestia', 'titulo', Array, NULL, 'nombre_libro')
#5 C:\xampp\htdocs\digibook\system\Validation\Validation.php(200): CodeIgniter\Validation\Validation->processRules('nombre_libro', 'nombre_libro', 'La Bestia', Array, Array)
#6 C:\xampp\htdocs\digibook\app\Controllers\Articulo.php(71): CodeIgniter\Validation\Validation->run()
#7 C:\xampp\htdocs\digibook\system\CodeIgniter.php(941): App\Controllers\Articulo->validarDatos()
#8 C:\xampp\htdocs\digibook\system\CodeIgniter.php(502): CodeIgniter\CodeIgniter->runController(Object(App\Controllers\Articulo))
#9 C:\xampp\htdocs\digibook\system\CodeIgniter.php(361): CodeIgniter\CodeIgniter->handleRequest(NULL, Object(Config\Cache), false)
#10 C:\xampp\htdocs\digibook\index.php(79): CodeIgniter\CodeIgniter->run()
#11 {main}
CRITICAL - 2025-12-04 20:58:53 --> CodeIgniter\Database\Exceptions\DatabaseException: Unable to connect to the database.
Main connection [MySQLi]: No connection could be made because the target machine actively refused it
in SYSTEMPATH\Database\BaseConnection.php on line 428.
 1 SYSTEMPATH\Database\BaseConnection.php(575): CodeIgniter\Database\BaseConnection->initialize()
 2 SYSTEMPATH\Database\BaseBuilder.php(1616): CodeIgniter\Database\BaseConnection->query('SELECT 1
FROM `articulo`
WHERE `titulo` = :titulo:
 LIMIT 1', [...], false)
 3 SYSTEMPATH\Validation\StrictRules\Rules.php(227): CodeIgniter\Database\BaseBuilder->get()
 4 SYSTEMPATH\Validation\Validation.php(328): CodeIgniter\Validation\StrictRules\Rules->is_unique('La Bestia', 'titulo', [...], null, 'nombre_libro')
 5 SYSTEMPATH\Validation\Validation.php(200): CodeIgniter\Validation\Validation->processRules('nombre_libro', 'nombre_libro', 'La Bestia', [...], [...])
 6 APPPATH\Controllers\Articulo.php(71): CodeIgniter\Validation\Validation->run()
 7 SYSTEMPATH\CodeIgniter.php(941): App\Controllers\Articulo->validarDatos()
 8 SYSTEMPATH\CodeIgniter.php(502): CodeIgniter\CodeIgniter->runController(Object(App\Controllers\Articulo))
 9 SYSTEMPATH\CodeIgniter.php(361): CodeIgniter\CodeIgniter->handleRequest(null, Object(Config\Cache), false)
10 FCPATH\index.php(79): CodeIgniter\CodeIgniter->run()
INFO - 2025-12-04 20:59:31 --> Session: Class initialized using 'CodeIgniter\Session\Handlers\FileHandler' driver.
ERROR - 2025-12-04 20:59:35 --> Error connecting to the database: mysqli_sql_exception: No connection could be made because the target machine actively refused it in C:\xampp\htdocs\digibook\system\Database\MySQLi\Connection.php:184
Stack trace:
#0 C:\xampp\htdocs\digibook\system\Database\MySQLi\Connection.php(184): mysqli->real_connect('localhost', 'root', Object(SensitiveParameterValue), 'digibook2', 3306, '', 0)
#1 C:\xampp\htdocs\digibook\system\Database\BaseConnection.php(392): CodeIgniter\Database\MySQLi\Connection->connect(false)
#2 C:\xampp\htdocs\digibook\system\Database\BaseConnection.php(575): CodeIgniter\Database\BaseConnection->initialize()
#3 C:\xampp\htdocs\digibook\app\Models\GeneroModel.php(18): CodeIgniter\Database\BaseConnection->query('CALL digibook2....')
#4 C:\xampp\htdocs\digibook\app\Controllers\Articulo.php(35): App\Models\GeneroModel->getGeneros()
#5 C:\xampp\htdocs\digibook\system\CodeIgniter.php(941): App\Controllers\Articulo->show_product_form()
#6 C:\xampp\htdocs\digibook\system\CodeIgniter.php(502): CodeIgniter\CodeIgniter->runController(Object(App\Controllers\Articulo))
#7 C:\xampp\htdocs\digibook\system\CodeIgniter.php(361): CodeIgniter\CodeIgniter->handleRequest(NULL, Object(Config\Cache), false)
#8 C:\xampp\htdocs\digibook\index.php(79): CodeIgniter\CodeIgniter->run()
#9 {main}

Next CodeIgniter\Database\Exceptions\DatabaseException: No connection could be made because the target machine actively refused it in C:\xampp\htdocs\digibook\system\Database\MySQLi\Connection.php:229
Stack trace:
#0 C:\xampp\htdocs\digibook\system\Database\BaseConnection.php(392): CodeIgniter\Database\MySQLi\Connection->connect(false)
#1 C:\xampp\htdocs\digibook\system\Database\BaseConnection.php(575): CodeIgniter\Database\BaseConnection->initialize()
#2 C:\xampp\htdocs\digibook\app\Models\GeneroModel.php(18): CodeIgniter\Database\BaseConnection->query('CALL digibook2....')
#3 C:\xampp\htdocs\digibook\app\Controllers\Articulo.php(35): App\Models\GeneroModel->getGeneros()
#4 C:\xampp\htdocs\digibook\system\CodeIgniter.php(941): App\Controllers\Articulo->show_product_form()
#5 C:\xampp\htdocs\digibook\system\CodeIgniter.php(502): CodeIgniter\CodeIgniter->runController(Object(App\Controllers\Articulo))
#6 C:\xampp\htdocs\digibook\system\CodeIgniter.php(361): CodeIgniter\CodeIgniter->handleRequest(NULL, Object(Config\Cache), false)
#7 C:\xampp\htdocs\digibook\index.php(79): CodeIgniter\CodeIgniter->run()
#8 {main}
CRITICAL - 2025-12-04 20:59:35 --> CodeIgniter\Database\Exceptions\DatabaseException: Unable to connect to the database.
Main connection [MySQLi]: No connection could be made because the target machine actively refused it
in SYSTEMPATH\Database\BaseConnection.php on line 428.
 1 SYSTEMPATH\Database\BaseConnection.php(575): CodeIgniter\Database\BaseConnection->initialize()
 2 APPPATH\Models\GeneroModel.php(18): CodeIgniter\Database\BaseConnection->query('CALL digibook2.getGeneros()')
 3 APPPATH\Controllers\Articulo.php(35): App\Models\GeneroModel->getGeneros()
 4 SYSTEMPATH\CodeIgniter.php(941): App\Controllers\Articulo->show_product_form()
 5 SYSTEMPATH\CodeIgniter.php(502): CodeIgniter\CodeIgniter->runController(Object(App\Controllers\Articulo))
 6 SYSTEMPATH\CodeIgniter.php(361): CodeIgniter\CodeIgniter->handleRequest(null, Object(Config\Cache), false)
 7 FCPATH\index.php(79): CodeIgniter\CodeIgniter->run()
INFO - 2025-12-04 20:59:43 --> Session: Class initialized using 'CodeIgniter\Session\Handlers\FileHandler' driver.
ERROR - 2025-12-04 20:59:43 --> mysqli_sql_exception: MySQL server has gone away in C:\xampp\htdocs\digibook\system\Database\MySQLi\Connection.php:306
Stack trace:
#0 C:\xampp\htdocs\digibook\system\Database\MySQLi\Connection.php(306): mysqli->query('CALL digibook2....', 0)
#1 C:\xampp\htdocs\digibook\system\Database\BaseConnection.php(693): CodeIgniter\Database\MySQLi\Connection->execute('CALL digibook2....')
#2 C:\xampp\htdocs\digibook\system\Database\BaseConnection.php(607): CodeIgniter\Database\BaseConnection->simpleQuery('CALL digibook2....')
#3 C:\xampp\htdocs\digibook\app\Models\GeneroModel.php(18): CodeIgniter\Database\BaseConnection->query('CALL digibook2....')
#4 C:\xampp\htdocs\digibook\app\Controllers\Articulo.php(35): App\Models\GeneroModel->getGeneros()
#5 C:\xampp\htdocs\digibook\system\CodeIgniter.php(941): App\Controllers\Articulo->show_product_form()
#6 C:\xampp\htdocs\digibook\system\CodeIgniter.php(502): CodeIgniter\CodeIgniter->runController(Object(App\Controllers\Articulo))
#7 C:\xampp\htdocs\digibook\system\CodeIgniter.php(361): CodeIgniter\CodeIgniter->handleRequest(NULL, Object(Config\Cache), false)
#8 C:\xampp\htdocs\digibook\index.php(79): CodeIgniter\CodeIgniter->run()
#9 {main}
CRITICAL - 2025-12-04 20:59:43 --> CodeIgniter\Database\Exceptions\DatabaseException: MySQL server has gone away
in SYSTEMPATH\Database\BaseConnection.php on line 647.
 1 APPPATH\Models\GeneroModel.php(18): CodeIgniter\Database\BaseConnection->query('CALL digibook2.getGeneros()')
 2 APPPATH\Controllers\Articulo.php(35): App\Models\GeneroModel->getGeneros()
 3 SYSTEMPATH\CodeIgniter.php(941): App\Controllers\Articulo->show_product_form()
 4 SYSTEMPATH\CodeIgniter.php(502): CodeIgniter\CodeIgniter->runController(Object(App\Controllers\Articulo))
 5 SYSTEMPATH\CodeIgniter.php(361): CodeIgniter\CodeIgniter->handleRequest(null, Object(Config\Cache), false)
 6 FCPATH\index.php(79): CodeIgniter\CodeIgniter->run()
CRITICAL - 2025-12-04 20:59:43 --> [Caused by] CodeIgniter\Database\Exceptions\DatabaseException: MySQL server has gone away
in SYSTEMPATH\Database\MySQLi\Connection.php on line 311.
 1 SYSTEMPATH\Database\BaseConnection.php(693): CodeIgniter\Database\MySQLi\Connection->execute('CALL digibook2.getGeneros()')
 2 SYSTEMPATH\Database\BaseConnection.php(607): CodeIgniter\Database\BaseConnection->simpleQuery('CALL digibook2.getGeneros()')
 3 APPPATH\Models\GeneroModel.php(18): CodeIgniter\Database\BaseConnection->query('CALL digibook2.getGeneros()')
 4 APPPATH\Controllers\Articulo.php(35): App\Models\GeneroModel->getGeneros()
 5 SYSTEMPATH\CodeIgniter.php(941): App\Controllers\Articulo->show_product_form()
 6 SYSTEMPATH\CodeIgniter.php(502): CodeIgniter\CodeIgniter->runController(Object(App\Controllers\Articulo))
 7 SYSTEMPATH\CodeIgniter.php(361): CodeIgniter\CodeIgniter->handleRequest(null, Object(Config\Cache), false)
 8 FCPATH\index.php(79): CodeIgniter\CodeIgniter->run()
CRITICAL - 2025-12-04 20:59:43 --> [Caused by] mysqli_sql_exception: MySQL server has gone away
in SYSTEMPATH\Database\MySQLi\Connection.php on line 306.
 1 SYSTEMPATH\Database\MySQLi\Connection.php(306): mysqli->query('CALL digibook2.getGeneros()', 0)
 2 SYSTEMPATH\Database\BaseConnection.php(693): CodeIgniter\Database\MySQLi\Connection->execute('CALL digibook2.getGeneros()')
 3 SYSTEMPATH\Database\BaseConnection.php(607): CodeIgniter\Database\BaseConnection->simpleQuery('CALL digibook2.getGeneros()')
 4 APPPATH\Models\GeneroModel.php(18): CodeIgniter\Database\BaseConnection->query('CALL digibook2.getGeneros()')
 5 APPPATH\Controllers\Articulo.php(35): App\Models\GeneroModel->getGeneros()
 6 SYSTEMPATH\CodeIgniter.php(941): App\Controllers\Articulo->show_product_form()
 7 SYSTEMPATH\CodeIgniter.php(502): CodeIgniter\CodeIgniter->runController(Object(App\Controllers\Articulo))
 8 SYSTEMPATH\CodeIgniter.php(361): CodeIgniter\CodeIgniter->handleRequest(null, Object(Config\Cache), false)
 9 FCPATH\index.php(79): CodeIgniter\CodeIgniter->run()
INFO - 2025-12-04 20:59:46 --> Session: Class initialized using 'CodeIgniter\Session\Handlers\FileHandler' driver.
ERROR - 2025-12-04 20:59:50 --> Error connecting to the database: mysqli_sql_exception: No connection could be made because the target machine actively refused it in C:\xampp\htdocs\digibook\system\Database\MySQLi\Connection.php:184
Stack trace:
#0 C:\xampp\htdocs\digibook\system\Database\MySQLi\Connection.php(184): mysqli->real_connect('localhost', 'root', Object(SensitiveParameterValue), 'digibook2', 3306, '', 0)
#1 C:\xampp\htdocs\digibook\system\Database\BaseConnection.php(392): CodeIgniter\Database\MySQLi\Connection->connect(false)
#2 C:\xampp\htdocs\digibook\system\Database\BaseConnection.php(575): CodeIgniter\Database\BaseConnection->initialize()
#3 C:\xampp\htdocs\digibook\app\Models\GeneroModel.php(18): CodeIgniter\Database\BaseConnection->query('CALL digibook2....')
#4 C:\xampp\htdocs\digibook\app\Controllers\Articulo.php(35): App\Models\GeneroModel->getGeneros()
#5 C:\xampp\htdocs\digibook\system\CodeIgniter.php(941): App\Controllers\Articulo->show_product_form()
#6 C:\xampp\htdocs\digibook\system\CodeIgniter.php(502): CodeIgniter\CodeIgniter->runController(Object(App\Controllers\Articulo))
#7 C:\xampp\htdocs\digibook\system\CodeIgniter.php(361): CodeIgniter\CodeIgniter->handleRequest(NULL, Object(Config\Cache), false)
#8 C:\xampp\htdocs\digibook\index.php(79): CodeIgniter\CodeIgniter->run()
#9 {main}

Next CodeIgniter\Database\Exceptions\DatabaseException: No connection could be made because the target machine actively refused it in C:\xampp\htdocs\digibook\system\Database\MySQLi\Connection.php:229
Stack trace:
#0 C:\xampp\htdocs\digibook\system\Database\BaseConnection.php(392): CodeIgniter\Database\MySQLi\Connection->connect(false)
#1 C:\xampp\htdocs\digibook\system\Database\BaseConnection.php(575): CodeIgniter\Database\BaseConnection->initialize()
#2 C:\xampp\htdocs\digibook\app\Models\GeneroModel.php(18): CodeIgniter\Database\BaseConnection->query('CALL digibook2....')
#3 C:\xampp\htdocs\digibook\app\Controllers\Articulo.php(35): App\Models\GeneroModel->getGeneros()
#4 C:\xampp\htdocs\digibook\system\CodeIgniter.php(941): App\Controllers\Articulo->show_product_form()
#5 C:\xampp\htdocs\digibook\system\CodeIgniter.php(502): CodeIgniter\CodeIgniter->runController(Object(App\Controllers\Articulo))
#6 C:\xampp\htdocs\digibook\system\CodeIgniter.php(361): CodeIgniter\CodeIgniter->handleRequest(NULL, Object(Config\Cache), false)
#7 C:\xampp\htdocs\digibook\index.php(79): CodeIgniter\CodeIgniter->run()
#8 {main}
CRITICAL - 2025-12-04 20:59:50 --> CodeIgniter\Database\Exceptions\DatabaseException: Unable to connect to the database.
Main connection [MySQLi]: No connection could be made because the target machine actively refused it
in SYSTEMPATH\Database\BaseConnection.php on line 428.
 1 SYSTEMPATH\Database\BaseConnection.php(575): CodeIgniter\Database\BaseConnection->initialize()
 2 APPPATH\Models\GeneroModel.php(18): CodeIgniter\Database\BaseConnection->query('CALL digibook2.getGeneros()')
 3 APPPATH\Controllers\Articulo.php(35): App\Models\GeneroModel->getGeneros()
 4 SYSTEMPATH\CodeIgniter.php(941): App\Controllers\Articulo->show_product_form()
 5 SYSTEMPATH\CodeIgniter.php(502): CodeIgniter\CodeIgniter->runController(Object(App\Controllers\Articulo))
 6 SYSTEMPATH\CodeIgniter.php(361): CodeIgniter\CodeIgniter->handleRequest(null, Object(Config\Cache), false)
 7 FCPATH\index.php(79): CodeIgniter\CodeIgniter->run()
INFO - 2025-12-04 20:59:57 --> Session: Class initialized using 'CodeIgniter\Session\Handlers\FileHandler' driver.
INFO - 2025-12-04 21:48:06 --> Session: Class initialized using 'CodeIgniter\Session\Handlers\FileHandler' driver.
INFO - 2025-12-04 21:48:15 --> Session: Class initialized using 'CodeIgniter\Session\Handlers\FileHandler' driver.
INFO - 2025-12-04 21:48:56 --> Session: Class initialized using 'CodeIgniter\Session\Handlers\FileHandler' driver.
INFO - 2025-12-04 21:52:25 --> Session: Class initialized using 'CodeIgniter\Session\Handlers\FileHandler' driver.
INFO - 2025-12-04 21:52:26 --> Session: Class initialized using 'CodeIgniter\Session\Handlers\FileHandler' driver.
INFO - 2025-12-04 21:54:07 --> Session: Class initialized using 'CodeIgniter\Session\Handlers\FileHandler' driver.
INFO - 2025-12-04 21:54:07 --> Session: Class initialized using 'CodeIgniter\Session\Handlers\FileHandler' driver.
INFO - 2025-12-04 21:54:37 --> Session: Class initialized using 'CodeIgniter\Session\Handlers\FileHandler' driver.
INFO - 2025-12-04 21:54:37 --> Session: Class initialized using 'CodeIgniter\Session\Handlers\FileHandler' driver.
INFO - 2025-12-04 21:59:03 --> Session: Class initialized using 'CodeIgniter\Session\Handlers\FileHandler' driver.
INFO - 2025-12-04 21:59:09 --> Session: Class initialized using 'CodeIgniter\Session\Handlers\FileHandler' driver.
INFO - 2025-12-04 21:59:09 --> Session: Class initialized using 'CodeIgniter\Session\Handlers\FileHandler' driver.
